.\Debug\hl.ilk
.\Debug\hl.pdb
C:\Users\Administrator\Desktop\SM\HLS1 AZ\dlls\.\Debug\hl.dll
C:\Users\Administrator\Desktop\SM\HLS1 AZ\dlls\.\Debug\hl.dll.intermediate.manifest
C:\USERS\ADMINISTRATOR\DESKTOP\SM\HLS1 AZ\DLLS\DEBUG\AFLOCK.OBJ
C:\USERS\ADMINISTRATOR\DESKTOP\SM\HLS1 AZ\DLLS\DEBUG\AGRUNT.OBJ
C:\USERS\ADMINISTRATOR\DESKTOP\SM\HLS1 AZ\DLLS\DEBUG\AIRTANK.OBJ
C:\USERS\ADMINISTRATOR\DESKTOP\SM\HLS1 AZ\DLLS\DEBUG\ANIMATING.OBJ
C:\USERS\ADMINISTRATOR\DESKTOP\SM\HLS1 AZ\DLLS\DEBUG\ANIMATION.OBJ
C:\USERS\ADMINISTRATOR\DESKTOP\SM\HLS1 AZ\DLLS\DEBUG\APACHE.OBJ
C:\USERS\ADMINISTRATOR\DESKTOP\SM\HLS1 AZ\DLLS\DEBUG\BARNACLE.OBJ
C:\USERS\ADMINISTRATOR\DESKTOP\SM\HLS1 AZ\DLLS\DEBUG\BARNEY.OBJ
C:\USERS\ADMINISTRATOR\DESKTOP\SM\HLS1 AZ\DLLS\DEBUG\BASEMONSTER.OBJ
C:\USERS\ADMINISTRATOR\DESKTOP\SM\HLS1 AZ\DLLS\DEBUG\BIGMOMMA.OBJ
C:\USERS\ADMINISTRATOR\DESKTOP\SM\HLS1 AZ\DLLS\DEBUG\BLOATER.OBJ
C:\USERS\ADMINISTRATOR\DESKTOP\SM\HLS1 AZ\DLLS\DEBUG\BMODELS.OBJ
C:\USERS\ADMINISTRATOR\DESKTOP\SM\HLS1 AZ\DLLS\DEBUG\BULLSQUID.OBJ
C:\USERS\ADMINISTRATOR\DESKTOP\SM\HLS1 AZ\DLLS\DEBUG\BUTTONS.OBJ
C:\USERS\ADMINISTRATOR\DESKTOP\SM\HLS1 AZ\DLLS\DEBUG\CBASE.OBJ
C:\USERS\ADMINISTRATOR\DESKTOP\SM\HLS1 AZ\DLLS\DEBUG\CELECTRIFIEDWIRE.OBJ
C:\USERS\ADMINISTRATOR\DESKTOP\SM\HLS1 AZ\DLLS\DEBUG\CHUMTOAD.OBJ
C:\USERS\ADMINISTRATOR\DESKTOP\SM\HLS1 AZ\DLLS\DEBUG\CHUMTOADWEAPON.OBJ
C:\Users\Administrator\Desktop\SM\HLS1 AZ\dlls\Debug\cl.command.1.tlog
C:\Users\Administrator\Desktop\SM\HLS1 AZ\dlls\Debug\CL.read.1.tlog
C:\Users\Administrator\Desktop\SM\HLS1 AZ\dlls\Debug\CL.write.1.tlog
C:\USERS\ADMINISTRATOR\DESKTOP\SM\HLS1 AZ\DLLS\DEBUG\CLIENT.OBJ
C:\USERS\ADMINISTRATOR\DESKTOP\SM\HLS1 AZ\DLLS\DEBUG\CLIENT_MESSAGE.OBJ
C:\USERS\ADMINISTRATOR\DESKTOP\SM\HLS1 AZ\DLLS\DEBUG\COMBAT.OBJ
C:\USERS\ADMINISTRATOR\DESKTOP\SM\HLS1 AZ\DLLS\DEBUG\CONTROLLER.OBJ
C:\USERS\ADMINISTRATOR\DESKTOP\SM\HLS1 AZ\DLLS\DEBUG\CROPE.OBJ
C:\USERS\ADMINISTRATOR\DESKTOP\SM\HLS1 AZ\DLLS\DEBUG\CROPESAMPLE.OBJ
C:\USERS\ADMINISTRATOR\DESKTOP\SM\HLS1 AZ\DLLS\DEBUG\CROPESEGMENT.OBJ
C:\USERS\ADMINISTRATOR\DESKTOP\SM\HLS1 AZ\DLLS\DEBUG\CROSSBOW.OBJ
C:\USERS\ADMINISTRATOR\DESKTOP\SM\HLS1 AZ\DLLS\DEBUG\CROSSBOWBOLT.OBJ
C:\USERS\ADMINISTRATOR\DESKTOP\SM\HLS1 AZ\DLLS\DEBUG\CROWBAR.OBJ
C:\USERS\ADMINISTRATOR\DESKTOP\SM\HLS1 AZ\DLLS\DEBUG\CUSTOM_DEBUG.OBJ
C:\USERS\ADMINISTRATOR\DESKTOP\SM\HLS1 AZ\DLLS\DEBUG\DECALS.OBJ
C:\USERS\ADMINISTRATOR\DESKTOP\SM\HLS1 AZ\DLLS\DEBUG\DEFAULTAI.OBJ
C:\USERS\ADMINISTRATOR\DESKTOP\SM\HLS1 AZ\DLLS\DEBUG\DOORS.OBJ
C:\USERS\ADMINISTRATOR\DESKTOP\SM\HLS1 AZ\DLLS\DEBUG\EFFECTS.OBJ
C:\USERS\ADMINISTRATOR\DESKTOP\SM\HLS1 AZ\DLLS\DEBUG\EGON.OBJ
C:\USERS\ADMINISTRATOR\DESKTOP\SM\HLS1 AZ\DLLS\DEBUG\EXPLODE.OBJ
C:\USERS\ADMINISTRATOR\DESKTOP\SM\HLS1 AZ\DLLS\DEBUG\FLYINGMONSTER.OBJ
C:\USERS\ADMINISTRATOR\DESKTOP\SM\HLS1 AZ\DLLS\DEBUG\FRIENDLY.OBJ
C:\USERS\ADMINISTRATOR\DESKTOP\SM\HLS1 AZ\DLLS\DEBUG\FUNC_BREAK.OBJ
C:\USERS\ADMINISTRATOR\DESKTOP\SM\HLS1 AZ\DLLS\DEBUG\FUNC_TANK.OBJ
C:\USERS\ADMINISTRATOR\DESKTOP\SM\HLS1 AZ\DLLS\DEBUG\GAME.OBJ
C:\USERS\ADMINISTRATOR\DESKTOP\SM\HLS1 AZ\DLLS\DEBUG\GAMERULES.OBJ
C:\USERS\ADMINISTRATOR\DESKTOP\SM\HLS1 AZ\DLLS\DEBUG\GARGANTUA.OBJ
C:\USERS\ADMINISTRATOR\DESKTOP\SM\HLS1 AZ\DLLS\DEBUG\GAUSS.OBJ
C:\USERS\ADMINISTRATOR\DESKTOP\SM\HLS1 AZ\DLLS\DEBUG\GENERICMONSTER.OBJ
C:\USERS\ADMINISTRATOR\DESKTOP\SM\HLS1 AZ\DLLS\DEBUG\GGRENADE.OBJ
C:\USERS\ADMINISTRATOR\DESKTOP\SM\HLS1 AZ\DLLS\DEBUG\GLOBALS.OBJ
C:\USERS\ADMINISTRATOR\DESKTOP\SM\HLS1 AZ\DLLS\DEBUG\GLOCK.OBJ
C:\USERS\ADMINISTRATOR\DESKTOP\SM\HLS1 AZ\DLLS\DEBUG\GMAN.OBJ
C:\USERS\ADMINISTRATOR\DESKTOP\SM\HLS1 AZ\DLLS\DEBUG\H_AI.OBJ
C:\USERS\ADMINISTRATOR\DESKTOP\SM\HLS1 AZ\DLLS\DEBUG\H_BATTERY.OBJ
C:\USERS\ADMINISTRATOR\DESKTOP\SM\HLS1 AZ\DLLS\DEBUG\H_CINE.OBJ
C:\USERS\ADMINISTRATOR\DESKTOP\SM\HLS1 AZ\DLLS\DEBUG\H_CYCLER.OBJ
C:\USERS\ADMINISTRATOR\DESKTOP\SM\HLS1 AZ\DLLS\DEBUG\H_EXPORT.OBJ
C:\USERS\ADMINISTRATOR\DESKTOP\SM\HLS1 AZ\DLLS\DEBUG\HANDGRENADE.OBJ
C:\USERS\ADMINISTRATOR\DESKTOP\SM\HLS1 AZ\DLLS\DEBUG\HASSASSIN.OBJ
C:\USERS\ADMINISTRATOR\DESKTOP\SM\HLS1 AZ\DLLS\DEBUG\HASSAULT.OBJ
C:\USERS\ADMINISTRATOR\DESKTOP\SM\HLS1 AZ\DLLS\DEBUG\HEADCRAB.OBJ
C:\USERS\ADMINISTRATOR\DESKTOP\SM\HLS1 AZ\DLLS\DEBUG\HEALTHKIT.OBJ
C:\USERS\ADMINISTRATOR\DESKTOP\SM\HLS1 AZ\DLLS\DEBUG\HGRUNT.OBJ
C:\USERS\ADMINISTRATOR\DESKTOP\SM\HLS1 AZ\DLLS\DEBUG\HL.DLL
C:\USERS\ADMINISTRATOR\DESKTOP\SM\HLS1 AZ\DLLS\DEBUG\HL.DLL.EMBED.MANIFEST
C:\USERS\ADMINISTRATOR\DESKTOP\SM\HLS1 AZ\DLLS\DEBUG\HL.DLL.EMBED.MANIFEST.RES
C:\USERS\ADMINISTRATOR\DESKTOP\SM\HLS1 AZ\DLLS\DEBUG\HL.DLL.INTERMEDIATE.MANIFEST
C:\Users\Administrator\Desktop\SM\HLS1 AZ\dlls\Debug\hl.exp
C:\USERS\ADMINISTRATOR\DESKTOP\SM\HLS1 AZ\DLLS\DEBUG\HL.ILK
C:\Users\Administrator\Desktop\SM\HLS1 AZ\dlls\Debug\hl.lib
C:\USERS\ADMINISTRATOR\DESKTOP\SM\HLS1 AZ\DLLS\DEBUG\HL.PDB
C:\Users\Administrator\Desktop\SM\HLS1 AZ\dlls\Debug\hl.vcxprojResolveAssemblyReference.cache
C:\Users\Administrator\Desktop\SM\HLS1 AZ\dlls\Debug\hl.write.1.tlog
C:\Users\Administrator\Desktop\SM\HLS1 AZ\dlls\Debug\hl_manifest.rc
C:\USERS\ADMINISTRATOR\DESKTOP\SM\HLS1 AZ\DLLS\DEBUG\HORNET.OBJ
C:\USERS\ADMINISTRATOR\DESKTOP\SM\HLS1 AZ\DLLS\DEBUG\HORNETGUN.OBJ
C:\USERS\ADMINISTRATOR\DESKTOP\SM\HLS1 AZ\DLLS\DEBUG\HOUNDEYE.OBJ
C:\USERS\ADMINISTRATOR\DESKTOP\SM\HLS1 AZ\DLLS\DEBUG\ICHTHYOSAUR.OBJ
C:\USERS\ADMINISTRATOR\DESKTOP\SM\HLS1 AZ\DLLS\DEBUG\ISLAVE.OBJ
C:\USERS\ADMINISTRATOR\DESKTOP\SM\HLS1 AZ\DLLS\DEBUG\ITEMS.OBJ
C:\USERS\ADMINISTRATOR\DESKTOP\SM\HLS1 AZ\DLLS\DEBUG\KINGPIN.OBJ
C:\USERS\ADMINISTRATOR\DESKTOP\SM\HLS1 AZ\DLLS\DEBUG\LEECH.OBJ
C:\USERS\ADMINISTRATOR\DESKTOP\SM\HLS1 AZ\DLLS\DEBUG\LIGHTS.OBJ
C:\Users\Administrator\Desktop\SM\HLS1 AZ\dlls\Debug\link.10044.read.1.tlog
C:\Users\Administrator\Desktop\SM\HLS1 AZ\dlls\Debug\link.10044.write.1.tlog
C:\Users\Administrator\Desktop\SM\HLS1 AZ\dlls\Debug\link.10044-cvtres.read.1.tlog
C:\Users\Administrator\Desktop\SM\HLS1 AZ\dlls\Debug\link.10044-cvtres.write.1.tlog
C:\Users\Administrator\Desktop\SM\HLS1 AZ\dlls\Debug\link.10604.read.1.tlog
C:\Users\Administrator\Desktop\SM\HLS1 AZ\dlls\Debug\link.10604.write.1.tlog
C:\Users\Administrator\Desktop\SM\HLS1 AZ\dlls\Debug\link.10604-cvtres.read.1.tlog
C:\Users\Administrator\Desktop\SM\HLS1 AZ\dlls\Debug\link.10604-cvtres.write.1.tlog
C:\Users\Administrator\Desktop\SM\HLS1 AZ\dlls\Debug\link.10640.read.1.tlog
C:\Users\Administrator\Desktop\SM\HLS1 AZ\dlls\Debug\link.10640.write.1.tlog
C:\Users\Administrator\Desktop\SM\HLS1 AZ\dlls\Debug\link.10640-cvtres.read.1.tlog
C:\Users\Administrator\Desktop\SM\HLS1 AZ\dlls\Debug\link.10640-cvtres.write.1.tlog
C:\Users\Administrator\Desktop\SM\HLS1 AZ\dlls\Debug\link.11192.read.1.tlog
C:\Users\Administrator\Desktop\SM\HLS1 AZ\dlls\Debug\link.11192.write.1.tlog
C:\Users\Administrator\Desktop\SM\HLS1 AZ\dlls\Debug\link.11192-cvtres.read.1.tlog
C:\Users\Administrator\Desktop\SM\HLS1 AZ\dlls\Debug\link.11192-cvtres.write.1.tlog
C:\Users\Administrator\Desktop\SM\HLS1 AZ\dlls\Debug\link.11900.read.1.tlog
C:\Users\Administrator\Desktop\SM\HLS1 AZ\dlls\Debug\link.11900.write.1.tlog
C:\Users\Administrator\Desktop\SM\HLS1 AZ\dlls\Debug\link.11900-cvtres.read.1.tlog
C:\Users\Administrator\Desktop\SM\HLS1 AZ\dlls\Debug\link.11900-cvtres.write.1.tlog
C:\Users\Administrator\Desktop\SM\HLS1 AZ\dlls\Debug\link.12064.read.1.tlog
C:\Users\Administrator\Desktop\SM\HLS1 AZ\dlls\Debug\link.12064.write.1.tlog
C:\Users\Administrator\Desktop\SM\HLS1 AZ\dlls\Debug\link.12064-cvtres.read.1.tlog
C:\Users\Administrator\Desktop\SM\HLS1 AZ\dlls\Debug\link.12064-cvtres.write.1.tlog
C:\Users\Administrator\Desktop\SM\HLS1 AZ\dlls\Debug\link.12196.read.1.tlog
C:\Users\Administrator\Desktop\SM\HLS1 AZ\dlls\Debug\link.12196.write.1.tlog
C:\Users\Administrator\Desktop\SM\HLS1 AZ\dlls\Debug\link.12196-cvtres.read.1.tlog
C:\Users\Administrator\Desktop\SM\HLS1 AZ\dlls\Debug\link.12196-cvtres.write.1.tlog
C:\Users\Administrator\Desktop\SM\HLS1 AZ\dlls\Debug\link.12208.read.1.tlog
C:\Users\Administrator\Desktop\SM\HLS1 AZ\dlls\Debug\link.12208.write.1.tlog
C:\Users\Administrator\Desktop\SM\HLS1 AZ\dlls\Debug\link.12208-cvtres.read.1.tlog
C:\Users\Administrator\Desktop\SM\HLS1 AZ\dlls\Debug\link.12208-cvtres.write.1.tlog
C:\Users\Administrator\Desktop\SM\HLS1 AZ\dlls\Debug\link.12484.read.1.tlog
C:\Users\Administrator\Desktop\SM\HLS1 AZ\dlls\Debug\link.12484.write.1.tlog
C:\Users\Administrator\Desktop\SM\HLS1 AZ\dlls\Debug\link.12484-cvtres.read.1.tlog
C:\Users\Administrator\Desktop\SM\HLS1 AZ\dlls\Debug\link.12484-cvtres.write.1.tlog
C:\Users\Administrator\Desktop\SM\HLS1 AZ\dlls\Debug\link.12552.read.1.tlog
C:\Users\Administrator\Desktop\SM\HLS1 AZ\dlls\Debug\link.12552.write.1.tlog
C:\Users\Administrator\Desktop\SM\HLS1 AZ\dlls\Debug\link.12552-cvtres.read.1.tlog
C:\Users\Administrator\Desktop\SM\HLS1 AZ\dlls\Debug\link.12552-cvtres.write.1.tlog
C:\Users\Administrator\Desktop\SM\HLS1 AZ\dlls\Debug\link.12660.read.1.tlog
C:\Users\Administrator\Desktop\SM\HLS1 AZ\dlls\Debug\link.12660.write.1.tlog
C:\Users\Administrator\Desktop\SM\HLS1 AZ\dlls\Debug\link.12660-cvtres.read.1.tlog
C:\Users\Administrator\Desktop\SM\HLS1 AZ\dlls\Debug\link.12660-cvtres.write.1.tlog
C:\Users\Administrator\Desktop\SM\HLS1 AZ\dlls\Debug\link.13120.read.1.tlog
C:\Users\Administrator\Desktop\SM\HLS1 AZ\dlls\Debug\link.13120.write.1.tlog
C:\Users\Administrator\Desktop\SM\HLS1 AZ\dlls\Debug\link.13120-cvtres.read.1.tlog
C:\Users\Administrator\Desktop\SM\HLS1 AZ\dlls\Debug\link.13120-cvtres.write.1.tlog
C:\Users\Administrator\Desktop\SM\HLS1 AZ\dlls\Debug\link.13140.read.1.tlog
C:\Users\Administrator\Desktop\SM\HLS1 AZ\dlls\Debug\link.13140.write.1.tlog
C:\Users\Administrator\Desktop\SM\HLS1 AZ\dlls\Debug\link.13140-cvtres.read.1.tlog
C:\Users\Administrator\Desktop\SM\HLS1 AZ\dlls\Debug\link.13140-cvtres.write.1.tlog
C:\Users\Administrator\Desktop\SM\HLS1 AZ\dlls\Debug\link.13268.read.1.tlog
C:\Users\Administrator\Desktop\SM\HLS1 AZ\dlls\Debug\link.13268.write.1.tlog
C:\Users\Administrator\Desktop\SM\HLS1 AZ\dlls\Debug\link.13268-cvtres.read.1.tlog
C:\Users\Administrator\Desktop\SM\HLS1 AZ\dlls\Debug\link.13268-cvtres.write.1.tlog
C:\Users\Administrator\Desktop\SM\HLS1 AZ\dlls\Debug\link.13408.read.1.tlog
C:\Users\Administrator\Desktop\SM\HLS1 AZ\dlls\Debug\link.13408.write.1.tlog
C:\Users\Administrator\Desktop\SM\HLS1 AZ\dlls\Debug\link.13408-cvtres.read.1.tlog
C:\Users\Administrator\Desktop\SM\HLS1 AZ\dlls\Debug\link.13408-cvtres.write.1.tlog
C:\Users\Administrator\Desktop\SM\HLS1 AZ\dlls\Debug\link.13560.read.1.tlog
C:\Users\Administrator\Desktop\SM\HLS1 AZ\dlls\Debug\link.13560.write.1.tlog
C:\Users\Administrator\Desktop\SM\HLS1 AZ\dlls\Debug\link.13560-cvtres.read.1.tlog
C:\Users\Administrator\Desktop\SM\HLS1 AZ\dlls\Debug\link.13560-cvtres.write.1.tlog
C:\Users\Administrator\Desktop\SM\HLS1 AZ\dlls\Debug\link.14036.read.1.tlog
C:\Users\Administrator\Desktop\SM\HLS1 AZ\dlls\Debug\link.14036.write.1.tlog
C:\Users\Administrator\Desktop\SM\HLS1 AZ\dlls\Debug\link.14036-cvtres.read.1.tlog
C:\Users\Administrator\Desktop\SM\HLS1 AZ\dlls\Debug\link.14036-cvtres.write.1.tlog
C:\Users\Administrator\Desktop\SM\HLS1 AZ\dlls\Debug\link.14100.read.1.tlog
C:\Users\Administrator\Desktop\SM\HLS1 AZ\dlls\Debug\link.14100.write.1.tlog
C:\Users\Administrator\Desktop\SM\HLS1 AZ\dlls\Debug\link.14100-cvtres.read.1.tlog
C:\Users\Administrator\Desktop\SM\HLS1 AZ\dlls\Debug\link.14100-cvtres.write.1.tlog
C:\Users\Administrator\Desktop\SM\HLS1 AZ\dlls\Debug\link.14312.read.1.tlog
C:\Users\Administrator\Desktop\SM\HLS1 AZ\dlls\Debug\link.14312.write.1.tlog
C:\Users\Administrator\Desktop\SM\HLS1 AZ\dlls\Debug\link.14312-cvtres.read.1.tlog
C:\Users\Administrator\Desktop\SM\HLS1 AZ\dlls\Debug\link.14312-cvtres.write.1.tlog
C:\Users\Administrator\Desktop\SM\HLS1 AZ\dlls\Debug\link.14436.read.1.tlog
C:\Users\Administrator\Desktop\SM\HLS1 AZ\dlls\Debug\link.14436.write.1.tlog
C:\Users\Administrator\Desktop\SM\HLS1 AZ\dlls\Debug\link.14436-cvtres.read.1.tlog
C:\Users\Administrator\Desktop\SM\HLS1 AZ\dlls\Debug\link.14436-cvtres.write.1.tlog
C:\Users\Administrator\Desktop\SM\HLS1 AZ\dlls\Debug\link.14500.read.1.tlog
C:\Users\Administrator\Desktop\SM\HLS1 AZ\dlls\Debug\link.14500.write.1.tlog
C:\Users\Administrator\Desktop\SM\HLS1 AZ\dlls\Debug\link.14500-cvtres.read.1.tlog
C:\Users\Administrator\Desktop\SM\HLS1 AZ\dlls\Debug\link.14500-cvtres.write.1.tlog
C:\Users\Administrator\Desktop\SM\HLS1 AZ\dlls\Debug\link.14572.read.1.tlog
C:\Users\Administrator\Desktop\SM\HLS1 AZ\dlls\Debug\link.14572.write.1.tlog
C:\Users\Administrator\Desktop\SM\HLS1 AZ\dlls\Debug\link.14572-cvtres.read.1.tlog
C:\Users\Administrator\Desktop\SM\HLS1 AZ\dlls\Debug\link.14572-cvtres.write.1.tlog
C:\Users\Administrator\Desktop\SM\HLS1 AZ\dlls\Debug\link.15148.read.1.tlog
C:\Users\Administrator\Desktop\SM\HLS1 AZ\dlls\Debug\link.15148.write.1.tlog
C:\Users\Administrator\Desktop\SM\HLS1 AZ\dlls\Debug\link.15148-cvtres.read.1.tlog
C:\Users\Administrator\Desktop\SM\HLS1 AZ\dlls\Debug\link.15148-cvtres.write.1.tlog
C:\Users\Administrator\Desktop\SM\HLS1 AZ\dlls\Debug\link.15204.read.1.tlog
C:\Users\Administrator\Desktop\SM\HLS1 AZ\dlls\Debug\link.15204.write.1.tlog
C:\Users\Administrator\Desktop\SM\HLS1 AZ\dlls\Debug\link.15204-cvtres.read.1.tlog
C:\Users\Administrator\Desktop\SM\HLS1 AZ\dlls\Debug\link.15204-cvtres.write.1.tlog
C:\Users\Administrator\Desktop\SM\HLS1 AZ\dlls\Debug\link.1536.read.1.tlog
C:\Users\Administrator\Desktop\SM\HLS1 AZ\dlls\Debug\link.1536.write.1.tlog
C:\Users\Administrator\Desktop\SM\HLS1 AZ\dlls\Debug\link.1536-cvtres.read.1.tlog
C:\Users\Administrator\Desktop\SM\HLS1 AZ\dlls\Debug\link.1536-cvtres.write.1.tlog
C:\Users\Administrator\Desktop\SM\HLS1 AZ\dlls\Debug\link.1548.read.1.tlog
C:\Users\Administrator\Desktop\SM\HLS1 AZ\dlls\Debug\link.1548.write.1.tlog
C:\Users\Administrator\Desktop\SM\HLS1 AZ\dlls\Debug\link.1548-cvtres.read.1.tlog
C:\Users\Administrator\Desktop\SM\HLS1 AZ\dlls\Debug\link.1548-cvtres.write.1.tlog
C:\Users\Administrator\Desktop\SM\HLS1 AZ\dlls\Debug\link.15492.read.1.tlog
C:\Users\Administrator\Desktop\SM\HLS1 AZ\dlls\Debug\link.15492.write.1.tlog
C:\Users\Administrator\Desktop\SM\HLS1 AZ\dlls\Debug\link.15492-cvtres.read.1.tlog
C:\Users\Administrator\Desktop\SM\HLS1 AZ\dlls\Debug\link.15492-cvtres.write.1.tlog
C:\Users\Administrator\Desktop\SM\HLS1 AZ\dlls\Debug\link.15732.read.1.tlog
C:\Users\Administrator\Desktop\SM\HLS1 AZ\dlls\Debug\link.15732.write.1.tlog
C:\Users\Administrator\Desktop\SM\HLS1 AZ\dlls\Debug\link.15732-cvtres.read.1.tlog
C:\Users\Administrator\Desktop\SM\HLS1 AZ\dlls\Debug\link.15732-cvtres.write.1.tlog
C:\Users\Administrator\Desktop\SM\HLS1 AZ\dlls\Debug\link.16872.read.1.tlog
C:\Users\Administrator\Desktop\SM\HLS1 AZ\dlls\Debug\link.16872.write.1.tlog
C:\Users\Administrator\Desktop\SM\HLS1 AZ\dlls\Debug\link.16872-cvtres.read.1.tlog
C:\Users\Administrator\Desktop\SM\HLS1 AZ\dlls\Debug\link.16872-cvtres.write.1.tlog
C:\Users\Administrator\Desktop\SM\HLS1 AZ\dlls\Debug\link.16984.read.1.tlog
C:\Users\Administrator\Desktop\SM\HLS1 AZ\dlls\Debug\link.16984.write.1.tlog
C:\Users\Administrator\Desktop\SM\HLS1 AZ\dlls\Debug\link.16984-cvtres.read.1.tlog
C:\Users\Administrator\Desktop\SM\HLS1 AZ\dlls\Debug\link.16984-cvtres.write.1.tlog
C:\Users\Administrator\Desktop\SM\HLS1 AZ\dlls\Debug\link.17552.read.1.tlog
C:\Users\Administrator\Desktop\SM\HLS1 AZ\dlls\Debug\link.17552.write.1.tlog
C:\Users\Administrator\Desktop\SM\HLS1 AZ\dlls\Debug\link.17552-cvtres.read.1.tlog
C:\Users\Administrator\Desktop\SM\HLS1 AZ\dlls\Debug\link.17552-cvtres.write.1.tlog
C:\Users\Administrator\Desktop\SM\HLS1 AZ\dlls\Debug\link.18100.read.1.tlog
C:\Users\Administrator\Desktop\SM\HLS1 AZ\dlls\Debug\link.18100.write.1.tlog
C:\Users\Administrator\Desktop\SM\HLS1 AZ\dlls\Debug\link.18100-cvtres.read.1.tlog
C:\Users\Administrator\Desktop\SM\HLS1 AZ\dlls\Debug\link.18100-cvtres.write.1.tlog
C:\Users\Administrator\Desktop\SM\HLS1 AZ\dlls\Debug\link.18284.read.1.tlog
C:\Users\Administrator\Desktop\SM\HLS1 AZ\dlls\Debug\link.18284.write.1.tlog
C:\Users\Administrator\Desktop\SM\HLS1 AZ\dlls\Debug\link.18284-cvtres.read.1.tlog
C:\Users\Administrator\Desktop\SM\HLS1 AZ\dlls\Debug\link.18284-cvtres.write.1.tlog
C:\Users\Administrator\Desktop\SM\HLS1 AZ\dlls\Debug\link.18484.read.1.tlog
C:\Users\Administrator\Desktop\SM\HLS1 AZ\dlls\Debug\link.18484.write.1.tlog
C:\Users\Administrator\Desktop\SM\HLS1 AZ\dlls\Debug\link.18484-cvtres.read.1.tlog
C:\Users\Administrator\Desktop\SM\HLS1 AZ\dlls\Debug\link.18484-cvtres.write.1.tlog
C:\Users\Administrator\Desktop\SM\HLS1 AZ\dlls\Debug\link.18564.read.1.tlog
C:\Users\Administrator\Desktop\SM\HLS1 AZ\dlls\Debug\link.18564.write.1.tlog
C:\Users\Administrator\Desktop\SM\HLS1 AZ\dlls\Debug\link.18564-cvtres.read.1.tlog
C:\Users\Administrator\Desktop\SM\HLS1 AZ\dlls\Debug\link.18564-cvtres.write.1.tlog
C:\Users\Administrator\Desktop\SM\HLS1 AZ\dlls\Debug\link.19068.read.1.tlog
C:\Users\Administrator\Desktop\SM\HLS1 AZ\dlls\Debug\link.19068.write.1.tlog
C:\Users\Administrator\Desktop\SM\HLS1 AZ\dlls\Debug\link.19068-cvtres.read.1.tlog
C:\Users\Administrator\Desktop\SM\HLS1 AZ\dlls\Debug\link.19068-cvtres.write.1.tlog
C:\Users\Administrator\Desktop\SM\HLS1 AZ\dlls\Debug\link.19428.read.1.tlog
C:\Users\Administrator\Desktop\SM\HLS1 AZ\dlls\Debug\link.19428.write.1.tlog
C:\Users\Administrator\Desktop\SM\HLS1 AZ\dlls\Debug\link.19428-cvtres.read.1.tlog
C:\Users\Administrator\Desktop\SM\HLS1 AZ\dlls\Debug\link.19428-cvtres.write.1.tlog
C:\Users\Administrator\Desktop\SM\HLS1 AZ\dlls\Debug\link.19856.read.1.tlog
C:\Users\Administrator\Desktop\SM\HLS1 AZ\dlls\Debug\link.19856.write.1.tlog
C:\Users\Administrator\Desktop\SM\HLS1 AZ\dlls\Debug\link.19856-cvtres.read.1.tlog
C:\Users\Administrator\Desktop\SM\HLS1 AZ\dlls\Debug\link.19856-cvtres.write.1.tlog
C:\Users\Administrator\Desktop\SM\HLS1 AZ\dlls\Debug\link.20360.read.1.tlog
C:\Users\Administrator\Desktop\SM\HLS1 AZ\dlls\Debug\link.20360.write.1.tlog
C:\Users\Administrator\Desktop\SM\HLS1 AZ\dlls\Debug\link.20360-cvtres.read.1.tlog
C:\Users\Administrator\Desktop\SM\HLS1 AZ\dlls\Debug\link.20360-cvtres.write.1.tlog
C:\Users\Administrator\Desktop\SM\HLS1 AZ\dlls\Debug\link.20432.read.1.tlog
C:\Users\Administrator\Desktop\SM\HLS1 AZ\dlls\Debug\link.20432.write.1.tlog
C:\Users\Administrator\Desktop\SM\HLS1 AZ\dlls\Debug\link.20432-cvtres.read.1.tlog
C:\Users\Administrator\Desktop\SM\HLS1 AZ\dlls\Debug\link.20432-cvtres.write.1.tlog
C:\Users\Administrator\Desktop\SM\HLS1 AZ\dlls\Debug\link.20904.read.1.tlog
C:\Users\Administrator\Desktop\SM\HLS1 AZ\dlls\Debug\link.20904.write.1.tlog
C:\Users\Administrator\Desktop\SM\HLS1 AZ\dlls\Debug\link.20904-cvtres.read.1.tlog
C:\Users\Administrator\Desktop\SM\HLS1 AZ\dlls\Debug\link.20904-cvtres.write.1.tlog
C:\Users\Administrator\Desktop\SM\HLS1 AZ\dlls\Debug\link.21120.read.1.tlog
C:\Users\Administrator\Desktop\SM\HLS1 AZ\dlls\Debug\link.21120.write.1.tlog
C:\Users\Administrator\Desktop\SM\HLS1 AZ\dlls\Debug\link.21120-cvtres.read.1.tlog
C:\Users\Administrator\Desktop\SM\HLS1 AZ\dlls\Debug\link.21120-cvtres.write.1.tlog
C:\Users\Administrator\Desktop\SM\HLS1 AZ\dlls\Debug\link.21184.read.1.tlog
C:\Users\Administrator\Desktop\SM\HLS1 AZ\dlls\Debug\link.21184.write.1.tlog
C:\Users\Administrator\Desktop\SM\HLS1 AZ\dlls\Debug\link.21184-cvtres.read.1.tlog
C:\Users\Administrator\Desktop\SM\HLS1 AZ\dlls\Debug\link.21184-cvtres.write.1.tlog
C:\Users\Administrator\Desktop\SM\HLS1 AZ\dlls\Debug\link.22516.read.1.tlog
C:\Users\Administrator\Desktop\SM\HLS1 AZ\dlls\Debug\link.22516.write.1.tlog
C:\Users\Administrator\Desktop\SM\HLS1 AZ\dlls\Debug\link.22516-cvtres.read.1.tlog
C:\Users\Administrator\Desktop\SM\HLS1 AZ\dlls\Debug\link.22516-cvtres.write.1.tlog
C:\Users\Administrator\Desktop\SM\HLS1 AZ\dlls\Debug\link.22600.read.1.tlog
C:\Users\Administrator\Desktop\SM\HLS1 AZ\dlls\Debug\link.22600.write.1.tlog
C:\Users\Administrator\Desktop\SM\HLS1 AZ\dlls\Debug\link.22600-cvtres.read.1.tlog
C:\Users\Administrator\Desktop\SM\HLS1 AZ\dlls\Debug\link.22600-cvtres.write.1.tlog
C:\Users\Administrator\Desktop\SM\HLS1 AZ\dlls\Debug\link.23012.read.1.tlog
C:\Users\Administrator\Desktop\SM\HLS1 AZ\dlls\Debug\link.23012.write.1.tlog
C:\Users\Administrator\Desktop\SM\HLS1 AZ\dlls\Debug\link.23012-cvtres.read.1.tlog
C:\Users\Administrator\Desktop\SM\HLS1 AZ\dlls\Debug\link.23012-cvtres.write.1.tlog
C:\Users\Administrator\Desktop\SM\HLS1 AZ\dlls\Debug\link.232.read.1.tlog
C:\Users\Administrator\Desktop\SM\HLS1 AZ\dlls\Debug\link.232.write.1.tlog
C:\Users\Administrator\Desktop\SM\HLS1 AZ\dlls\Debug\link.232-cvtres.read.1.tlog
C:\Users\Administrator\Desktop\SM\HLS1 AZ\dlls\Debug\link.232-cvtres.write.1.tlog
C:\Users\Administrator\Desktop\SM\HLS1 AZ\dlls\Debug\link.23924.read.1.tlog
C:\Users\Administrator\Desktop\SM\HLS1 AZ\dlls\Debug\link.23924.write.1.tlog
C:\Users\Administrator\Desktop\SM\HLS1 AZ\dlls\Debug\link.23924-cvtres.read.1.tlog
C:\Users\Administrator\Desktop\SM\HLS1 AZ\dlls\Debug\link.23924-cvtres.write.1.tlog
C:\Users\Administrator\Desktop\SM\HLS1 AZ\dlls\Debug\link.23952.read.1.tlog
C:\Users\Administrator\Desktop\SM\HLS1 AZ\dlls\Debug\link.23952.write.1.tlog
C:\Users\Administrator\Desktop\SM\HLS1 AZ\dlls\Debug\link.23952-cvtres.read.1.tlog
C:\Users\Administrator\Desktop\SM\HLS1 AZ\dlls\Debug\link.23952-cvtres.write.1.tlog
C:\Users\Administrator\Desktop\SM\HLS1 AZ\dlls\Debug\link.24204.read.1.tlog
C:\Users\Administrator\Desktop\SM\HLS1 AZ\dlls\Debug\link.24204.write.1.tlog
C:\Users\Administrator\Desktop\SM\HLS1 AZ\dlls\Debug\link.24204-cvtres.read.1.tlog
C:\Users\Administrator\Desktop\SM\HLS1 AZ\dlls\Debug\link.24204-cvtres.write.1.tlog
C:\Users\Administrator\Desktop\SM\HLS1 AZ\dlls\Debug\link.24512.read.1.tlog
C:\Users\Administrator\Desktop\SM\HLS1 AZ\dlls\Debug\link.24512.write.1.tlog
C:\Users\Administrator\Desktop\SM\HLS1 AZ\dlls\Debug\link.24512-cvtres.read.1.tlog
C:\Users\Administrator\Desktop\SM\HLS1 AZ\dlls\Debug\link.24512-cvtres.write.1.tlog
C:\Users\Administrator\Desktop\SM\HLS1 AZ\dlls\Debug\link.24516.read.1.tlog
C:\Users\Administrator\Desktop\SM\HLS1 AZ\dlls\Debug\link.24516.write.1.tlog
C:\Users\Administrator\Desktop\SM\HLS1 AZ\dlls\Debug\link.24516-cvtres.read.1.tlog
C:\Users\Administrator\Desktop\SM\HLS1 AZ\dlls\Debug\link.24516-cvtres.write.1.tlog
C:\Users\Administrator\Desktop\SM\HLS1 AZ\dlls\Debug\link.24596.read.1.tlog
C:\Users\Administrator\Desktop\SM\HLS1 AZ\dlls\Debug\link.24596.write.1.tlog
C:\Users\Administrator\Desktop\SM\HLS1 AZ\dlls\Debug\link.24596-cvtres.read.1.tlog
C:\Users\Administrator\Desktop\SM\HLS1 AZ\dlls\Debug\link.24596-cvtres.write.1.tlog
C:\Users\Administrator\Desktop\SM\HLS1 AZ\dlls\Debug\link.24676.read.1.tlog
C:\Users\Administrator\Desktop\SM\HLS1 AZ\dlls\Debug\link.24676.write.1.tlog
C:\Users\Administrator\Desktop\SM\HLS1 AZ\dlls\Debug\link.24676-cvtres.read.1.tlog
C:\Users\Administrator\Desktop\SM\HLS1 AZ\dlls\Debug\link.24676-cvtres.write.1.tlog
C:\Users\Administrator\Desktop\SM\HLS1 AZ\dlls\Debug\link.25396.read.1.tlog
C:\Users\Administrator\Desktop\SM\HLS1 AZ\dlls\Debug\link.25396.write.1.tlog
C:\Users\Administrator\Desktop\SM\HLS1 AZ\dlls\Debug\link.25396-cvtres.read.1.tlog
C:\Users\Administrator\Desktop\SM\HLS1 AZ\dlls\Debug\link.25396-cvtres.write.1.tlog
C:\Users\Administrator\Desktop\SM\HLS1 AZ\dlls\Debug\link.2540.read.1.tlog
C:\Users\Administrator\Desktop\SM\HLS1 AZ\dlls\Debug\link.2540.write.1.tlog
C:\Users\Administrator\Desktop\SM\HLS1 AZ\dlls\Debug\link.2540-cvtres.read.1.tlog
C:\Users\Administrator\Desktop\SM\HLS1 AZ\dlls\Debug\link.2540-cvtres.write.1.tlog
C:\Users\Administrator\Desktop\SM\HLS1 AZ\dlls\Debug\link.25836.read.1.tlog
C:\Users\Administrator\Desktop\SM\HLS1 AZ\dlls\Debug\link.25836.write.1.tlog
C:\Users\Administrator\Desktop\SM\HLS1 AZ\dlls\Debug\link.25836-cvtres.read.1.tlog
C:\Users\Administrator\Desktop\SM\HLS1 AZ\dlls\Debug\link.25836-cvtres.write.1.tlog
C:\Users\Administrator\Desktop\SM\HLS1 AZ\dlls\Debug\link.26420.read.1.tlog
C:\Users\Administrator\Desktop\SM\HLS1 AZ\dlls\Debug\link.26420.write.1.tlog
C:\Users\Administrator\Desktop\SM\HLS1 AZ\dlls\Debug\link.26420-cvtres.read.1.tlog
C:\Users\Administrator\Desktop\SM\HLS1 AZ\dlls\Debug\link.26420-cvtres.write.1.tlog
C:\Users\Administrator\Desktop\SM\HLS1 AZ\dlls\Debug\link.26496.read.1.tlog
C:\Users\Administrator\Desktop\SM\HLS1 AZ\dlls\Debug\link.26496.write.1.tlog
C:\Users\Administrator\Desktop\SM\HLS1 AZ\dlls\Debug\link.26496-cvtres.read.1.tlog
C:\Users\Administrator\Desktop\SM\HLS1 AZ\dlls\Debug\link.26496-cvtres.write.1.tlog
C:\Users\Administrator\Desktop\SM\HLS1 AZ\dlls\Debug\link.26688.read.1.tlog
C:\Users\Administrator\Desktop\SM\HLS1 AZ\dlls\Debug\link.26688.write.1.tlog
C:\Users\Administrator\Desktop\SM\HLS1 AZ\dlls\Debug\link.26688-cvtres.read.1.tlog
C:\Users\Administrator\Desktop\SM\HLS1 AZ\dlls\Debug\link.26688-cvtres.write.1.tlog
C:\Users\Administrator\Desktop\SM\HLS1 AZ\dlls\Debug\link.27532.read.1.tlog
C:\Users\Administrator\Desktop\SM\HLS1 AZ\dlls\Debug\link.27532.write.1.tlog
C:\Users\Administrator\Desktop\SM\HLS1 AZ\dlls\Debug\link.27532-cvtres.read.1.tlog
C:\Users\Administrator\Desktop\SM\HLS1 AZ\dlls\Debug\link.27532-cvtres.write.1.tlog
C:\Users\Administrator\Desktop\SM\HLS1 AZ\dlls\Debug\link.27772.read.1.tlog
C:\Users\Administrator\Desktop\SM\HLS1 AZ\dlls\Debug\link.27772.write.1.tlog
C:\Users\Administrator\Desktop\SM\HLS1 AZ\dlls\Debug\link.27772-cvtres.read.1.tlog
C:\Users\Administrator\Desktop\SM\HLS1 AZ\dlls\Debug\link.27772-cvtres.write.1.tlog
C:\Users\Administrator\Desktop\SM\HLS1 AZ\dlls\Debug\link.28016.read.1.tlog
C:\Users\Administrator\Desktop\SM\HLS1 AZ\dlls\Debug\link.28016.write.1.tlog
C:\Users\Administrator\Desktop\SM\HLS1 AZ\dlls\Debug\link.28016-cvtres.read.1.tlog
C:\Users\Administrator\Desktop\SM\HLS1 AZ\dlls\Debug\link.28016-cvtres.write.1.tlog
C:\Users\Administrator\Desktop\SM\HLS1 AZ\dlls\Debug\link.28392.read.1.tlog
C:\Users\Administrator\Desktop\SM\HLS1 AZ\dlls\Debug\link.28392.write.1.tlog
C:\Users\Administrator\Desktop\SM\HLS1 AZ\dlls\Debug\link.28392-cvtres.read.1.tlog
C:\Users\Administrator\Desktop\SM\HLS1 AZ\dlls\Debug\link.28392-cvtres.write.1.tlog
C:\Users\Administrator\Desktop\SM\HLS1 AZ\dlls\Debug\link.28480.read.1.tlog
C:\Users\Administrator\Desktop\SM\HLS1 AZ\dlls\Debug\link.28480.write.1.tlog
C:\Users\Administrator\Desktop\SM\HLS1 AZ\dlls\Debug\link.28480-cvtres.read.1.tlog
C:\Users\Administrator\Desktop\SM\HLS1 AZ\dlls\Debug\link.28480-cvtres.write.1.tlog
C:\Users\Administrator\Desktop\SM\HLS1 AZ\dlls\Debug\link.28564.read.1.tlog
C:\Users\Administrator\Desktop\SM\HLS1 AZ\dlls\Debug\link.28564.write.1.tlog
C:\Users\Administrator\Desktop\SM\HLS1 AZ\dlls\Debug\link.28564-cvtres.read.1.tlog
C:\Users\Administrator\Desktop\SM\HLS1 AZ\dlls\Debug\link.28564-cvtres.write.1.tlog
C:\Users\Administrator\Desktop\SM\HLS1 AZ\dlls\Debug\link.28644.read.1.tlog
C:\Users\Administrator\Desktop\SM\HLS1 AZ\dlls\Debug\link.28644.write.1.tlog
C:\Users\Administrator\Desktop\SM\HLS1 AZ\dlls\Debug\link.28644-cvtres.read.1.tlog
C:\Users\Administrator\Desktop\SM\HLS1 AZ\dlls\Debug\link.28644-cvtres.write.1.tlog
C:\Users\Administrator\Desktop\SM\HLS1 AZ\dlls\Debug\link.28752.read.1.tlog
C:\Users\Administrator\Desktop\SM\HLS1 AZ\dlls\Debug\link.28752.write.1.tlog
C:\Users\Administrator\Desktop\SM\HLS1 AZ\dlls\Debug\link.28752-cvtres.read.1.tlog
C:\Users\Administrator\Desktop\SM\HLS1 AZ\dlls\Debug\link.28752-cvtres.write.1.tlog
C:\Users\Administrator\Desktop\SM\HLS1 AZ\dlls\Debug\link.28776.read.1.tlog
C:\Users\Administrator\Desktop\SM\HLS1 AZ\dlls\Debug\link.28776.write.1.tlog
C:\Users\Administrator\Desktop\SM\HLS1 AZ\dlls\Debug\link.28776-cvtres.read.1.tlog
C:\Users\Administrator\Desktop\SM\HLS1 AZ\dlls\Debug\link.28776-cvtres.write.1.tlog
C:\Users\Administrator\Desktop\SM\HLS1 AZ\dlls\Debug\link.28792.read.1.tlog
C:\Users\Administrator\Desktop\SM\HLS1 AZ\dlls\Debug\link.28792.write.1.tlog
C:\Users\Administrator\Desktop\SM\HLS1 AZ\dlls\Debug\link.28792-cvtres.read.1.tlog
C:\Users\Administrator\Desktop\SM\HLS1 AZ\dlls\Debug\link.28792-cvtres.write.1.tlog
C:\Users\Administrator\Desktop\SM\HLS1 AZ\dlls\Debug\link.28880.read.1.tlog
C:\Users\Administrator\Desktop\SM\HLS1 AZ\dlls\Debug\link.28880.write.1.tlog
C:\Users\Administrator\Desktop\SM\HLS1 AZ\dlls\Debug\link.28880-cvtres.read.1.tlog
C:\Users\Administrator\Desktop\SM\HLS1 AZ\dlls\Debug\link.28880-cvtres.write.1.tlog
C:\Users\Administrator\Desktop\SM\HLS1 AZ\dlls\Debug\link.28980.read.1.tlog
C:\Users\Administrator\Desktop\SM\HLS1 AZ\dlls\Debug\link.28980.write.1.tlog
C:\Users\Administrator\Desktop\SM\HLS1 AZ\dlls\Debug\link.28980-cvtres.read.1.tlog
C:\Users\Administrator\Desktop\SM\HLS1 AZ\dlls\Debug\link.28980-cvtres.write.1.tlog
C:\Users\Administrator\Desktop\SM\HLS1 AZ\dlls\Debug\link.29052.read.1.tlog
C:\Users\Administrator\Desktop\SM\HLS1 AZ\dlls\Debug\link.29052.write.1.tlog
C:\Users\Administrator\Desktop\SM\HLS1 AZ\dlls\Debug\link.29052-cvtres.read.1.tlog
C:\Users\Administrator\Desktop\SM\HLS1 AZ\dlls\Debug\link.29052-cvtres.write.1.tlog
C:\Users\Administrator\Desktop\SM\HLS1 AZ\dlls\Debug\link.29184.read.1.tlog
C:\Users\Administrator\Desktop\SM\HLS1 AZ\dlls\Debug\link.29184.write.1.tlog
C:\Users\Administrator\Desktop\SM\HLS1 AZ\dlls\Debug\link.29184-cvtres.read.1.tlog
C:\Users\Administrator\Desktop\SM\HLS1 AZ\dlls\Debug\link.29184-cvtres.write.1.tlog
C:\Users\Administrator\Desktop\SM\HLS1 AZ\dlls\Debug\link.29408.read.1.tlog
C:\Users\Administrator\Desktop\SM\HLS1 AZ\dlls\Debug\link.29408.write.1.tlog
C:\Users\Administrator\Desktop\SM\HLS1 AZ\dlls\Debug\link.29408-cvtres.read.1.tlog
C:\Users\Administrator\Desktop\SM\HLS1 AZ\dlls\Debug\link.29408-cvtres.write.1.tlog
C:\Users\Administrator\Desktop\SM\HLS1 AZ\dlls\Debug\link.29504.read.1.tlog
C:\Users\Administrator\Desktop\SM\HLS1 AZ\dlls\Debug\link.29504.write.1.tlog
C:\Users\Administrator\Desktop\SM\HLS1 AZ\dlls\Debug\link.29504-cvtres.read.1.tlog
C:\Users\Administrator\Desktop\SM\HLS1 AZ\dlls\Debug\link.29504-cvtres.write.1.tlog
C:\Users\Administrator\Desktop\SM\HLS1 AZ\dlls\Debug\link.29540.read.1.tlog
C:\Users\Administrator\Desktop\SM\HLS1 AZ\dlls\Debug\link.29540.write.1.tlog
C:\Users\Administrator\Desktop\SM\HLS1 AZ\dlls\Debug\link.29540-cvtres.read.1.tlog
C:\Users\Administrator\Desktop\SM\HLS1 AZ\dlls\Debug\link.29540-cvtres.write.1.tlog
C:\Users\Administrator\Desktop\SM\HLS1 AZ\dlls\Debug\link.29660.read.1.tlog
C:\Users\Administrator\Desktop\SM\HLS1 AZ\dlls\Debug\link.29660.write.1.tlog
C:\Users\Administrator\Desktop\SM\HLS1 AZ\dlls\Debug\link.29660-cvtres.read.1.tlog
C:\Users\Administrator\Desktop\SM\HLS1 AZ\dlls\Debug\link.29660-cvtres.write.1.tlog
C:\Users\Administrator\Desktop\SM\HLS1 AZ\dlls\Debug\link.29712.read.1.tlog
C:\Users\Administrator\Desktop\SM\HLS1 AZ\dlls\Debug\link.29712.write.1.tlog
C:\Users\Administrator\Desktop\SM\HLS1 AZ\dlls\Debug\link.29712-cvtres.read.1.tlog
C:\Users\Administrator\Desktop\SM\HLS1 AZ\dlls\Debug\link.29712-cvtres.write.1.tlog
C:\Users\Administrator\Desktop\SM\HLS1 AZ\dlls\Debug\link.30132.read.1.tlog
C:\Users\Administrator\Desktop\SM\HLS1 AZ\dlls\Debug\link.30132.write.1.tlog
C:\Users\Administrator\Desktop\SM\HLS1 AZ\dlls\Debug\link.30132-cvtres.read.1.tlog
C:\Users\Administrator\Desktop\SM\HLS1 AZ\dlls\Debug\link.30132-cvtres.write.1.tlog
C:\Users\Administrator\Desktop\SM\HLS1 AZ\dlls\Debug\link.30164.read.1.tlog
C:\Users\Administrator\Desktop\SM\HLS1 AZ\dlls\Debug\link.30164.write.1.tlog
C:\Users\Administrator\Desktop\SM\HLS1 AZ\dlls\Debug\link.30164-cvtres.read.1.tlog
C:\Users\Administrator\Desktop\SM\HLS1 AZ\dlls\Debug\link.30164-cvtres.write.1.tlog
C:\Users\Administrator\Desktop\SM\HLS1 AZ\dlls\Debug\link.30340.read.1.tlog
C:\Users\Administrator\Desktop\SM\HLS1 AZ\dlls\Debug\link.30340.write.1.tlog
C:\Users\Administrator\Desktop\SM\HLS1 AZ\dlls\Debug\link.30340-cvtres.read.1.tlog
C:\Users\Administrator\Desktop\SM\HLS1 AZ\dlls\Debug\link.30340-cvtres.write.1.tlog
C:\Users\Administrator\Desktop\SM\HLS1 AZ\dlls\Debug\link.30500.read.1.tlog
C:\Users\Administrator\Desktop\SM\HLS1 AZ\dlls\Debug\link.30500.write.1.tlog
C:\Users\Administrator\Desktop\SM\HLS1 AZ\dlls\Debug\link.30500-cvtres.read.1.tlog
C:\Users\Administrator\Desktop\SM\HLS1 AZ\dlls\Debug\link.30500-cvtres.write.1.tlog
C:\Users\Administrator\Desktop\SM\HLS1 AZ\dlls\Debug\link.31096.read.1.tlog
C:\Users\Administrator\Desktop\SM\HLS1 AZ\dlls\Debug\link.31096.write.1.tlog
C:\Users\Administrator\Desktop\SM\HLS1 AZ\dlls\Debug\link.31096-cvtres.read.1.tlog
C:\Users\Administrator\Desktop\SM\HLS1 AZ\dlls\Debug\link.31096-cvtres.write.1.tlog
C:\Users\Administrator\Desktop\SM\HLS1 AZ\dlls\Debug\link.31380.read.1.tlog
C:\Users\Administrator\Desktop\SM\HLS1 AZ\dlls\Debug\link.31380.write.1.tlog
C:\Users\Administrator\Desktop\SM\HLS1 AZ\dlls\Debug\link.31380-cvtres.read.1.tlog
C:\Users\Administrator\Desktop\SM\HLS1 AZ\dlls\Debug\link.31380-cvtres.write.1.tlog
C:\Users\Administrator\Desktop\SM\HLS1 AZ\dlls\Debug\link.31672.read.1.tlog
C:\Users\Administrator\Desktop\SM\HLS1 AZ\dlls\Debug\link.31672.write.1.tlog
C:\Users\Administrator\Desktop\SM\HLS1 AZ\dlls\Debug\link.31672-cvtres.read.1.tlog
C:\Users\Administrator\Desktop\SM\HLS1 AZ\dlls\Debug\link.31672-cvtres.write.1.tlog
C:\Users\Administrator\Desktop\SM\HLS1 AZ\dlls\Debug\link.32176.read.1.tlog
C:\Users\Administrator\Desktop\SM\HLS1 AZ\dlls\Debug\link.32176.write.1.tlog
C:\Users\Administrator\Desktop\SM\HLS1 AZ\dlls\Debug\link.32176-cvtres.read.1.tlog
C:\Users\Administrator\Desktop\SM\HLS1 AZ\dlls\Debug\link.32176-cvtres.write.1.tlog
C:\Users\Administrator\Desktop\SM\HLS1 AZ\dlls\Debug\link.32448.read.1.tlog
C:\Users\Administrator\Desktop\SM\HLS1 AZ\dlls\Debug\link.32448.write.1.tlog
C:\Users\Administrator\Desktop\SM\HLS1 AZ\dlls\Debug\link.32448-cvtres.read.1.tlog
C:\Users\Administrator\Desktop\SM\HLS1 AZ\dlls\Debug\link.32448-cvtres.write.1.tlog
C:\Users\Administrator\Desktop\SM\HLS1 AZ\dlls\Debug\link.32976.read.1.tlog
C:\Users\Administrator\Desktop\SM\HLS1 AZ\dlls\Debug\link.32976.write.1.tlog
C:\Users\Administrator\Desktop\SM\HLS1 AZ\dlls\Debug\link.32976-cvtres.read.1.tlog
C:\Users\Administrator\Desktop\SM\HLS1 AZ\dlls\Debug\link.32976-cvtres.write.1.tlog
C:\Users\Administrator\Desktop\SM\HLS1 AZ\dlls\Debug\link.33268.read.1.tlog
C:\Users\Administrator\Desktop\SM\HLS1 AZ\dlls\Debug\link.33268.write.1.tlog
C:\Users\Administrator\Desktop\SM\HLS1 AZ\dlls\Debug\link.33268-cvtres.read.1.tlog
C:\Users\Administrator\Desktop\SM\HLS1 AZ\dlls\Debug\link.33268-cvtres.write.1.tlog
C:\Users\Administrator\Desktop\SM\HLS1 AZ\dlls\Debug\link.34216.read.1.tlog
C:\Users\Administrator\Desktop\SM\HLS1 AZ\dlls\Debug\link.34216.write.1.tlog
C:\Users\Administrator\Desktop\SM\HLS1 AZ\dlls\Debug\link.34216-cvtres.read.1.tlog
C:\Users\Administrator\Desktop\SM\HLS1 AZ\dlls\Debug\link.34216-cvtres.write.1.tlog
C:\Users\Administrator\Desktop\SM\HLS1 AZ\dlls\Debug\link.3440.read.1.tlog
C:\Users\Administrator\Desktop\SM\HLS1 AZ\dlls\Debug\link.3440.write.1.tlog
C:\Users\Administrator\Desktop\SM\HLS1 AZ\dlls\Debug\link.3440-cvtres.read.1.tlog
C:\Users\Administrator\Desktop\SM\HLS1 AZ\dlls\Debug\link.3440-cvtres.write.1.tlog
C:\Users\Administrator\Desktop\SM\HLS1 AZ\dlls\Debug\link.3504.read.1.tlog
C:\Users\Administrator\Desktop\SM\HLS1 AZ\dlls\Debug\link.3504.write.1.tlog
C:\Users\Administrator\Desktop\SM\HLS1 AZ\dlls\Debug\link.3504-cvtres.read.1.tlog
C:\Users\Administrator\Desktop\SM\HLS1 AZ\dlls\Debug\link.3504-cvtres.write.1.tlog
C:\Users\Administrator\Desktop\SM\HLS1 AZ\dlls\Debug\link.35220.read.1.tlog
C:\Users\Administrator\Desktop\SM\HLS1 AZ\dlls\Debug\link.35220.write.1.tlog
C:\Users\Administrator\Desktop\SM\HLS1 AZ\dlls\Debug\link.35220-cvtres.read.1.tlog
C:\Users\Administrator\Desktop\SM\HLS1 AZ\dlls\Debug\link.35220-cvtres.write.1.tlog
C:\Users\Administrator\Desktop\SM\HLS1 AZ\dlls\Debug\link.368.read.1.tlog
C:\Users\Administrator\Desktop\SM\HLS1 AZ\dlls\Debug\link.368.write.1.tlog
C:\Users\Administrator\Desktop\SM\HLS1 AZ\dlls\Debug\link.368-cvtres.read.1.tlog
C:\Users\Administrator\Desktop\SM\HLS1 AZ\dlls\Debug\link.368-cvtres.write.1.tlog
C:\Users\Administrator\Desktop\SM\HLS1 AZ\dlls\Debug\link.3788.read.1.tlog
C:\Users\Administrator\Desktop\SM\HLS1 AZ\dlls\Debug\link.3788.write.1.tlog
C:\Users\Administrator\Desktop\SM\HLS1 AZ\dlls\Debug\link.3788-cvtres.read.1.tlog
C:\Users\Administrator\Desktop\SM\HLS1 AZ\dlls\Debug\link.3788-cvtres.write.1.tlog
C:\Users\Administrator\Desktop\SM\HLS1 AZ\dlls\Debug\link.38680.read.1.tlog
C:\Users\Administrator\Desktop\SM\HLS1 AZ\dlls\Debug\link.38680.write.1.tlog
C:\Users\Administrator\Desktop\SM\HLS1 AZ\dlls\Debug\link.38680-cvtres.read.1.tlog
C:\Users\Administrator\Desktop\SM\HLS1 AZ\dlls\Debug\link.38680-cvtres.write.1.tlog
C:\Users\Administrator\Desktop\SM\HLS1 AZ\dlls\Debug\link.4152.read.1.tlog
C:\Users\Administrator\Desktop\SM\HLS1 AZ\dlls\Debug\link.4152.write.1.tlog
C:\Users\Administrator\Desktop\SM\HLS1 AZ\dlls\Debug\link.4152-cvtres.read.1.tlog
C:\Users\Administrator\Desktop\SM\HLS1 AZ\dlls\Debug\link.4152-cvtres.write.1.tlog
C:\Users\Administrator\Desktop\SM\HLS1 AZ\dlls\Debug\link.4400.read.1.tlog
C:\Users\Administrator\Desktop\SM\HLS1 AZ\dlls\Debug\link.4400.write.1.tlog
C:\Users\Administrator\Desktop\SM\HLS1 AZ\dlls\Debug\link.4400-cvtres.read.1.tlog
C:\Users\Administrator\Desktop\SM\HLS1 AZ\dlls\Debug\link.4400-cvtres.write.1.tlog
C:\Users\Administrator\Desktop\SM\HLS1 AZ\dlls\Debug\link.4560.read.1.tlog
C:\Users\Administrator\Desktop\SM\HLS1 AZ\dlls\Debug\link.4560.write.1.tlog
C:\Users\Administrator\Desktop\SM\HLS1 AZ\dlls\Debug\link.4560-cvtres.read.1.tlog
C:\Users\Administrator\Desktop\SM\HLS1 AZ\dlls\Debug\link.4560-cvtres.write.1.tlog
C:\Users\Administrator\Desktop\SM\HLS1 AZ\dlls\Debug\link.4684.read.1.tlog
C:\Users\Administrator\Desktop\SM\HLS1 AZ\dlls\Debug\link.4684.write.1.tlog
C:\Users\Administrator\Desktop\SM\HLS1 AZ\dlls\Debug\link.4684-cvtres.read.1.tlog
C:\Users\Administrator\Desktop\SM\HLS1 AZ\dlls\Debug\link.4684-cvtres.write.1.tlog
C:\Users\Administrator\Desktop\SM\HLS1 AZ\dlls\Debug\link.5068.read.1.tlog
C:\Users\Administrator\Desktop\SM\HLS1 AZ\dlls\Debug\link.5068.write.1.tlog
C:\Users\Administrator\Desktop\SM\HLS1 AZ\dlls\Debug\link.5068-cvtres.read.1.tlog
C:\Users\Administrator\Desktop\SM\HLS1 AZ\dlls\Debug\link.5068-cvtres.write.1.tlog
C:\Users\Administrator\Desktop\SM\HLS1 AZ\dlls\Debug\link.5096.read.1.tlog
C:\Users\Administrator\Desktop\SM\HLS1 AZ\dlls\Debug\link.5096.write.1.tlog
C:\Users\Administrator\Desktop\SM\HLS1 AZ\dlls\Debug\link.5096-cvtres.read.1.tlog
C:\Users\Administrator\Desktop\SM\HLS1 AZ\dlls\Debug\link.5096-cvtres.write.1.tlog
C:\Users\Administrator\Desktop\SM\HLS1 AZ\dlls\Debug\link.5520.read.1.tlog
C:\Users\Administrator\Desktop\SM\HLS1 AZ\dlls\Debug\link.5520.write.1.tlog
C:\Users\Administrator\Desktop\SM\HLS1 AZ\dlls\Debug\link.5520-cvtres.read.1.tlog
C:\Users\Administrator\Desktop\SM\HLS1 AZ\dlls\Debug\link.5520-cvtres.write.1.tlog
C:\Users\Administrator\Desktop\SM\HLS1 AZ\dlls\Debug\link.5568.read.1.tlog
C:\Users\Administrator\Desktop\SM\HLS1 AZ\dlls\Debug\link.5568.write.1.tlog
C:\Users\Administrator\Desktop\SM\HLS1 AZ\dlls\Debug\link.5568-cvtres.read.1.tlog
C:\Users\Administrator\Desktop\SM\HLS1 AZ\dlls\Debug\link.5568-cvtres.write.1.tlog
C:\Users\Administrator\Desktop\SM\HLS1 AZ\dlls\Debug\link.5808.read.1.tlog
C:\Users\Administrator\Desktop\SM\HLS1 AZ\dlls\Debug\link.5808.write.1.tlog
C:\Users\Administrator\Desktop\SM\HLS1 AZ\dlls\Debug\link.5808-cvtres.read.1.tlog
C:\Users\Administrator\Desktop\SM\HLS1 AZ\dlls\Debug\link.5808-cvtres.write.1.tlog
C:\Users\Administrator\Desktop\SM\HLS1 AZ\dlls\Debug\link.6692.read.1.tlog
C:\Users\Administrator\Desktop\SM\HLS1 AZ\dlls\Debug\link.6692.write.1.tlog
C:\Users\Administrator\Desktop\SM\HLS1 AZ\dlls\Debug\link.6692-cvtres.read.1.tlog
C:\Users\Administrator\Desktop\SM\HLS1 AZ\dlls\Debug\link.6692-cvtres.write.1.tlog
C:\Users\Administrator\Desktop\SM\HLS1 AZ\dlls\Debug\link.7232.read.1.tlog
C:\Users\Administrator\Desktop\SM\HLS1 AZ\dlls\Debug\link.7232.write.1.tlog
C:\Users\Administrator\Desktop\SM\HLS1 AZ\dlls\Debug\link.7232-cvtres.read.1.tlog
C:\Users\Administrator\Desktop\SM\HLS1 AZ\dlls\Debug\link.7232-cvtres.write.1.tlog
C:\Users\Administrator\Desktop\SM\HLS1 AZ\dlls\Debug\link.7244.read.1.tlog
C:\Users\Administrator\Desktop\SM\HLS1 AZ\dlls\Debug\link.7244.write.1.tlog
C:\Users\Administrator\Desktop\SM\HLS1 AZ\dlls\Debug\link.7244-cvtres.read.1.tlog
C:\Users\Administrator\Desktop\SM\HLS1 AZ\dlls\Debug\link.7244-cvtres.write.1.tlog
C:\Users\Administrator\Desktop\SM\HLS1 AZ\dlls\Debug\link.7256.read.1.tlog
C:\Users\Administrator\Desktop\SM\HLS1 AZ\dlls\Debug\link.7256.write.1.tlog
C:\Users\Administrator\Desktop\SM\HLS1 AZ\dlls\Debug\link.7256-cvtres.read.1.tlog
C:\Users\Administrator\Desktop\SM\HLS1 AZ\dlls\Debug\link.7256-cvtres.write.1.tlog
C:\Users\Administrator\Desktop\SM\HLS1 AZ\dlls\Debug\link.7272.read.1.tlog
C:\Users\Administrator\Desktop\SM\HLS1 AZ\dlls\Debug\link.7272.write.1.tlog
C:\Users\Administrator\Desktop\SM\HLS1 AZ\dlls\Debug\link.7272-cvtres.read.1.tlog
C:\Users\Administrator\Desktop\SM\HLS1 AZ\dlls\Debug\link.7272-cvtres.write.1.tlog
C:\Users\Administrator\Desktop\SM\HLS1 AZ\dlls\Debug\link.7348.read.1.tlog
C:\Users\Administrator\Desktop\SM\HLS1 AZ\dlls\Debug\link.7348.write.1.tlog
C:\Users\Administrator\Desktop\SM\HLS1 AZ\dlls\Debug\link.7348-cvtres.read.1.tlog
C:\Users\Administrator\Desktop\SM\HLS1 AZ\dlls\Debug\link.7348-cvtres.write.1.tlog
C:\Users\Administrator\Desktop\SM\HLS1 AZ\dlls\Debug\link.7664.read.1.tlog
C:\Users\Administrator\Desktop\SM\HLS1 AZ\dlls\Debug\link.7664.write.1.tlog
C:\Users\Administrator\Desktop\SM\HLS1 AZ\dlls\Debug\link.7664-cvtres.read.1.tlog
C:\Users\Administrator\Desktop\SM\HLS1 AZ\dlls\Debug\link.7664-cvtres.write.1.tlog
C:\Users\Administrator\Desktop\SM\HLS1 AZ\dlls\Debug\link.8488.read.1.tlog
C:\Users\Administrator\Desktop\SM\HLS1 AZ\dlls\Debug\link.8488.write.1.tlog
C:\Users\Administrator\Desktop\SM\HLS1 AZ\dlls\Debug\link.8488-cvtres.read.1.tlog
C:\Users\Administrator\Desktop\SM\HLS1 AZ\dlls\Debug\link.8488-cvtres.write.1.tlog
C:\Users\Administrator\Desktop\SM\HLS1 AZ\dlls\Debug\link.8572.read.1.tlog
C:\Users\Administrator\Desktop\SM\HLS1 AZ\dlls\Debug\link.8572.write.1.tlog
C:\Users\Administrator\Desktop\SM\HLS1 AZ\dlls\Debug\link.8572-cvtres.read.1.tlog
C:\Users\Administrator\Desktop\SM\HLS1 AZ\dlls\Debug\link.8572-cvtres.write.1.tlog
C:\Users\Administrator\Desktop\SM\HLS1 AZ\dlls\Debug\link.8640.read.1.tlog
C:\Users\Administrator\Desktop\SM\HLS1 AZ\dlls\Debug\link.8640.write.1.tlog
C:\Users\Administrator\Desktop\SM\HLS1 AZ\dlls\Debug\link.8640-cvtres.read.1.tlog
C:\Users\Administrator\Desktop\SM\HLS1 AZ\dlls\Debug\link.8640-cvtres.write.1.tlog
C:\Users\Administrator\Desktop\SM\HLS1 AZ\dlls\Debug\link.8672.read.1.tlog
C:\Users\Administrator\Desktop\SM\HLS1 AZ\dlls\Debug\link.8672.write.1.tlog
C:\Users\Administrator\Desktop\SM\HLS1 AZ\dlls\Debug\link.8672-cvtres.read.1.tlog
C:\Users\Administrator\Desktop\SM\HLS1 AZ\dlls\Debug\link.8672-cvtres.write.1.tlog
C:\Users\Administrator\Desktop\SM\HLS1 AZ\dlls\Debug\link.8772.read.1.tlog
C:\Users\Administrator\Desktop\SM\HLS1 AZ\dlls\Debug\link.8772.write.1.tlog
C:\Users\Administrator\Desktop\SM\HLS1 AZ\dlls\Debug\link.8772-cvtres.read.1.tlog
C:\Users\Administrator\Desktop\SM\HLS1 AZ\dlls\Debug\link.8772-cvtres.write.1.tlog
C:\Users\Administrator\Desktop\SM\HLS1 AZ\dlls\Debug\link.9224.read.1.tlog
C:\Users\Administrator\Desktop\SM\HLS1 AZ\dlls\Debug\link.9224.write.1.tlog
C:\Users\Administrator\Desktop\SM\HLS1 AZ\dlls\Debug\link.9224-cvtres.read.1.tlog
C:\Users\Administrator\Desktop\SM\HLS1 AZ\dlls\Debug\link.9224-cvtres.write.1.tlog
C:\Users\Administrator\Desktop\SM\HLS1 AZ\dlls\Debug\link.9280.read.1.tlog
C:\Users\Administrator\Desktop\SM\HLS1 AZ\dlls\Debug\link.9280.write.1.tlog
C:\Users\Administrator\Desktop\SM\HLS1 AZ\dlls\Debug\link.9280-cvtres.read.1.tlog
C:\Users\Administrator\Desktop\SM\HLS1 AZ\dlls\Debug\link.9280-cvtres.write.1.tlog
C:\Users\Administrator\Desktop\SM\HLS1 AZ\dlls\Debug\link.956.read.1.tlog
C:\Users\Administrator\Desktop\SM\HLS1 AZ\dlls\Debug\link.956.write.1.tlog
C:\Users\Administrator\Desktop\SM\HLS1 AZ\dlls\Debug\link.956-cvtres.read.1.tlog
C:\Users\Administrator\Desktop\SM\HLS1 AZ\dlls\Debug\link.956-cvtres.write.1.tlog
C:\Users\Administrator\Desktop\SM\HLS1 AZ\dlls\Debug\link.9580.read.1.tlog
C:\Users\Administrator\Desktop\SM\HLS1 AZ\dlls\Debug\link.9580.write.1.tlog
C:\Users\Administrator\Desktop\SM\HLS1 AZ\dlls\Debug\link.9580-cvtres.read.1.tlog
C:\Users\Administrator\Desktop\SM\HLS1 AZ\dlls\Debug\link.9580-cvtres.write.1.tlog
C:\Users\Administrator\Desktop\SM\HLS1 AZ\dlls\Debug\link.command.1.tlog
C:\Users\Administrator\Desktop\SM\HLS1 AZ\dlls\Debug\link.read.1.tlog
C:\Users\Administrator\Desktop\SM\HLS1 AZ\dlls\Debug\link.write.1.tlog
C:\Users\Administrator\Desktop\SM\HLS1 AZ\dlls\Debug\link-cvtres.read.1.tlog
C:\Users\Administrator\Desktop\SM\HLS1 AZ\dlls\Debug\link-cvtres.write.1.tlog
C:\USERS\ADMINISTRATOR\DESKTOP\SM\HLS1 AZ\DLLS\DEBUG\MAPRULES.OBJ
C:\USERS\ADMINISTRATOR\DESKTOP\SM\HLS1 AZ\DLLS\DEBUG\MONSTERMAKER.OBJ
C:\USERS\ADMINISTRATOR\DESKTOP\SM\HLS1 AZ\DLLS\DEBUG\MONSTERS.OBJ
C:\USERS\ADMINISTRATOR\DESKTOP\SM\HLS1 AZ\DLLS\DEBUG\MONSTERSTATE.OBJ
C:\USERS\ADMINISTRATOR\DESKTOP\SM\HLS1 AZ\DLLS\DEBUG\MORTAR.OBJ
C:\USERS\ADMINISTRATOR\DESKTOP\SM\HLS1 AZ\DLLS\DEBUG\MP5.OBJ
C:\Users\Administrator\Desktop\SM\HLS1 AZ\dlls\Debug\mt.command.1.tlog
C:\Users\Administrator\Desktop\SM\HLS1 AZ\dlls\Debug\mt.read.1.tlog
C:\Users\Administrator\Desktop\SM\HLS1 AZ\dlls\Debug\mt.write.1.tlog
C:\USERS\ADMINISTRATOR\DESKTOP\SM\HLS1 AZ\DLLS\DEBUG\MULTIPLAY_GAMERULES.OBJ
C:\USERS\ADMINISTRATOR\DESKTOP\SM\HLS1 AZ\DLLS\DEBUG\NIHILANTH.OBJ
C:\USERS\ADMINISTRATOR\DESKTOP\SM\HLS1 AZ\DLLS\DEBUG\NODES.OBJ
C:\USERS\ADMINISTRATOR\DESKTOP\SM\HLS1 AZ\DLLS\DEBUG\OSPREY.OBJ
C:\USERS\ADMINISTRATOR\DESKTOP\SM\HLS1 AZ\DLLS\DEBUG\PANTHEREYE.OBJ
C:\USERS\ADMINISTRATOR\DESKTOP\SM\HLS1 AZ\DLLS\DEBUG\PATHCORNER.OBJ
C:\USERS\ADMINISTRATOR\DESKTOP\SM\HLS1 AZ\DLLS\DEBUG\PICKUPWALKER.OBJ
C:\USERS\ADMINISTRATOR\DESKTOP\SM\HLS1 AZ\DLLS\DEBUG\PLANE.OBJ
C:\USERS\ADMINISTRATOR\DESKTOP\SM\HLS1 AZ\DLLS\DEBUG\PLATS.OBJ
C:\USERS\ADMINISTRATOR\DESKTOP\SM\HLS1 AZ\DLLS\DEBUG\PLAYER.OBJ
C:\USERS\ADMINISTRATOR\DESKTOP\SM\HLS1 AZ\DLLS\DEBUG\PM_DEBUG.OBJ
C:\USERS\ADMINISTRATOR\DESKTOP\SM\HLS1 AZ\DLLS\DEBUG\PM_MATH.OBJ
C:\USERS\ADMINISTRATOR\DESKTOP\SM\HLS1 AZ\DLLS\DEBUG\PM_SHARED.OBJ
C:\USERS\ADMINISTRATOR\DESKTOP\SM\HLS1 AZ\DLLS\DEBUG\PYTHON.OBJ
C:\USERS\ADMINISTRATOR\DESKTOP\SM\HLS1 AZ\DLLS\DEBUG\RAT.OBJ
C:\Users\Administrator\Desktop\SM\HLS1 AZ\dlls\Debug\rc.command.1.tlog
C:\Users\Administrator\Desktop\SM\HLS1 AZ\dlls\Debug\rc.read.1.tlog
C:\Users\Administrator\Desktop\SM\HLS1 AZ\dlls\Debug\rc.write.1.tlog
C:\USERS\ADMINISTRATOR\DESKTOP\SM\HLS1 AZ\DLLS\DEBUG\ROACH.OBJ
C:\USERS\ADMINISTRATOR\DESKTOP\SM\HLS1 AZ\DLLS\DEBUG\RPG.OBJ
C:\USERS\ADMINISTRATOR\DESKTOP\SM\HLS1 AZ\DLLS\DEBUG\SATCHEL.OBJ
C:\USERS\ADMINISTRATOR\DESKTOP\SM\HLS1 AZ\DLLS\DEBUG\SCHEDULE.OBJ
C:\USERS\ADMINISTRATOR\DESKTOP\SM\HLS1 AZ\DLLS\DEBUG\SCIENTIST.OBJ
C:\USERS\ADMINISTRATOR\DESKTOP\SM\HLS1 AZ\DLLS\DEBUG\SCRIPTED.OBJ
C:\USERS\ADMINISTRATOR\DESKTOP\SM\HLS1 AZ\DLLS\DEBUG\SHOTGUN.OBJ
C:\USERS\ADMINISTRATOR\DESKTOP\SM\HLS1 AZ\DLLS\DEBUG\SINGLEPLAY_GAMERULES.OBJ
C:\USERS\ADMINISTRATOR\DESKTOP\SM\HLS1 AZ\DLLS\DEBUG\SKILL.OBJ
C:\USERS\ADMINISTRATOR\DESKTOP\SM\HLS1 AZ\DLLS\DEBUG\SOUND.OBJ
C:\USERS\ADMINISTRATOR\DESKTOP\SM\HLS1 AZ\DLLS\DEBUG\SOUNDENT.OBJ
C:\USERS\ADMINISTRATOR\DESKTOP\SM\HLS1 AZ\DLLS\DEBUG\SPECTATOR.OBJ
C:\USERS\ADMINISTRATOR\DESKTOP\SM\HLS1 AZ\DLLS\DEBUG\SQUADMONSTER.OBJ
C:\USERS\ADMINISTRATOR\DESKTOP\SM\HLS1 AZ\DLLS\DEBUG\SQUEAKGRENADE.OBJ
C:\USERS\ADMINISTRATOR\DESKTOP\SM\HLS1 AZ\DLLS\DEBUG\STUKABAT.OBJ
C:\USERS\ADMINISTRATOR\DESKTOP\SM\HLS1 AZ\DLLS\DEBUG\SUBS.OBJ
C:\USERS\ADMINISTRATOR\DESKTOP\SM\HLS1 AZ\DLLS\DEBUG\TALKMONSTER.OBJ
C:\USERS\ADMINISTRATOR\DESKTOP\SM\HLS1 AZ\DLLS\DEBUG\TEAMPLAY_GAMERULES.OBJ
C:\USERS\ADMINISTRATOR\DESKTOP\SM\HLS1 AZ\DLLS\DEBUG\TENTACLE.OBJ
C:\USERS\ADMINISTRATOR\DESKTOP\SM\HLS1 AZ\DLLS\DEBUG\TRIGGERS.OBJ
C:\USERS\ADMINISTRATOR\DESKTOP\SM\HLS1 AZ\DLLS\DEBUG\TRIPMINE.OBJ
C:\USERS\ADMINISTRATOR\DESKTOP\SM\HLS1 AZ\DLLS\DEBUG\TURRET.OBJ
C:\USERS\ADMINISTRATOR\DESKTOP\SM\HLS1 AZ\DLLS\DEBUG\UTIL.OBJ
C:\USERS\ADMINISTRATOR\DESKTOP\SM\HLS1 AZ\DLLS\DEBUG\UTIL_ENTITY.OBJ
C:\USERS\ADMINISTRATOR\DESKTOP\SM\HLS1 AZ\DLLS\DEBUG\UTIL_PRINTOUT.OBJ
C:\USERS\ADMINISTRATOR\DESKTOP\SM\HLS1 AZ\DLLS\DEBUG\UTIL_SHARED.OBJ
C:\Users\Administrator\Desktop\SM\HLS1 AZ\dlls\Debug\vc100.idb
C:\USERS\ADMINISTRATOR\DESKTOP\SM\HLS1 AZ\DLLS\DEBUG\VC100.PDB
C:\USERS\ADMINISTRATOR\DESKTOP\SM\HLS1 AZ\DLLS\DEBUG\VOICE_GAMEMGR.OBJ
C:\USERS\ADMINISTRATOR\DESKTOP\SM\HLS1 AZ\DLLS\DEBUG\WEAPONS.OBJ
C:\USERS\ADMINISTRATOR\DESKTOP\SM\HLS1 AZ\DLLS\DEBUG\WORLD.OBJ
C:\USERS\ADMINISTRATOR\DESKTOP\SM\HLS1 AZ\DLLS\DEBUG\XEN.OBJ
C:\USERS\ADMINISTRATOR\DESKTOP\SM\HLS1 AZ\DLLS\DEBUG\ZOMBIE.OBJ
