Build started 9/15/2018 4:32:08 AM.
     1>Project "C:\Users\Administrator\Desktop\SM\HLS1 AZ\dlls\hl.vcxproj" on node 3 (build target(s)).
     1>InitializeBuildStatus:
         Creating ".\Debug\hl.unsuccessfulbuild" because "AlwaysCreate" was specified.
       ClCompile:
         C:\Program Files (x86)\Microsoft Visual Studio 10.0\VC\bin\CL.exe /c /I..\dlls /I..\engine /I..\common /I..\game_shared /I..\pm_shared /I..\ /I..\game_shared\NEW /I..\dlls\rope /ZI /nologo /W3 /WX- /Od /Oy- /D _DEBUG /D WIN32 /D _WINDOWS /D USE_OPFOR /D QUIVER /D VOXEL /D QUAKE2 /D VALVE_DLL /D CLIENT_WEAPONS /D _CRT_SECURE_NO_WARNINGS /D _CRT_NONSTDC_NO_DEPRECATE /D _VC80_UPGRADE=0x0600 /D _WINDLL /Gm /EHsc /MTd /GS /fp:precise /Zc:wchar_t /Zc:forScope /Fo".\Debug/" /Fd".\Debug/vc100.pdb" /Gd /TP /analyze- /errorReport:prompt player.cpp
         player.cpp
     1>c:\users\administrator\desktop\sm\hls1 az\dlls\player.cpp(3321): warning C4101: 'pEntity' : unreferenced local variable
     1>c:\users\administrator\desktop\sm\hls1 az\dlls\player.cpp(5470): warning C4101: 'i' : unreferenced local variable
     1>c:\users\administrator\desktop\sm\hls1 az\dlls\player.cpp(5495): warning C4101: 'i' : unreferenced local variable
     1>c:\users\administrator\desktop\sm\hls1 az\dlls\player.cpp(5542): warning C4101: 'i' : unreferenced local variable
     1>c:\users\administrator\desktop\sm\hls1 az\dlls\player.cpp(5574): warning C4101: 'i' : unreferenced local variable
     1>c:\users\administrator\desktop\sm\hls1 az\dlls\player.cpp(5622): warning C4101: 'i' : unreferenced local variable
     1>c:\users\administrator\desktop\sm\hls1 az\dlls\player.cpp(7552): warning C4101: 'istr' : unreferenced local variable
     1>c:\users\administrator\desktop\sm\hls1 az\dlls\player.cpp(7555): warning C4101: 'iszItem' : unreferenced local variable
         All outputs are up-to-date.
       ManifestResourceCompile:
         All outputs are up-to-date.
       Link:
         C:\Program Files (x86)\Microsoft Visual Studio 10.0\VC\bin\link.exe /ERRORREPORT:PROMPT /OUT:".\Debug/hl.dll" /INCREMENTAL /NOLOGO kernel32.lib user32.lib gdi32.lib winspool.lib comdlg32.lib advapi32.lib shell32.lib ole32.lib oleaut32.lib uuid.lib odbc32.lib odbccp32.lib /DEF:".\hl.def" /MANIFEST /ManifestFile:".\Debug\hl.dll.intermediate.manifest" /MANIFESTUAC:"level='asInvoker' uiAccess='false'" /DEBUG /PDB:".\Debug/hl.pdb" /SUBSYSTEM:WINDOWS /TLBID:1 /DYNAMICBASE:NO /IMPLIB:".\Debug\hl.lib" /MACHINE:X86 /DLL .\Debug\hl.dll.embed.manifest.res
         .\Debug/util_printout.obj
         .\Debug/util_shared.obj
         .\Debug/aflock.obj
         .\Debug/agrunt.obj
         .\Debug/airtank.obj
         .\Debug/animating.obj
         .\Debug/animation.obj
         .\Debug/apache.obj
         .\Debug/barnacle.obj
         .\Debug/barney.obj
         .\Debug/basemonster.obj
         .\Debug/bigmomma.obj
         .\Debug/bloater.obj
         .\Debug/bmodels.obj
         .\Debug/bullsquid.obj
         .\Debug/buttons.obj
         .\Debug/cbase.obj
         .\Debug/chumtoad.obj
         .\Debug/chumtoadweapon.obj
         .\Debug/client.obj
         .\Debug/client_message.obj
         .\Debug/combat.obj
         .\Debug/controller.obj
         .\Debug/crossbow.obj
         .\Debug/crossbowbolt.obj
         .\Debug/crowbar.obj
         .\Debug/custom_debug.obj
         .\Debug/decals.obj
         .\Debug/defaultai.obj
         .\Debug/doors.obj
         .\Debug/effects.obj
         .\Debug/egon.obj
         .\Debug/explode.obj
         .\Debug/flyingmonster.obj
         .\Debug/friendly.obj
         .\Debug/func_break.obj
         .\Debug/func_tank.obj
         .\Debug/game.obj
         .\Debug/gamerules.obj
         .\Debug/gargantua.obj
         .\Debug/gauss.obj
         .\Debug/genericmonster.obj
         .\Debug/ggrenade.obj
         .\Debug/globals.obj
         .\Debug/glock.obj
         .\Debug/gman.obj
         .\Debug/hassault.obj
         .\Debug/h_ai.obj
         .\Debug/h_battery.obj
         .\Debug/h_cine.obj
         .\Debug/h_cycler.obj
         .\Debug/h_export.obj
         .\Debug/handgrenade.obj
         .\Debug/hassassin.obj
         .\Debug/headcrab.obj
         .\Debug/healthkit.obj
         .\Debug/hgrunt.obj
         .\Debug/kingpin.obj
         .\Debug/panthereye.obj
         .\Debug/pickupwalker.obj
         .\Debug/CElectrifiedWire.obj
         .\Debug/CRope.obj
         .\Debug/CRopeSample.obj
         .\Debug/CRopeSegment.obj
         .\Debug/stukabat.obj
         .\Debug/hornet.obj
         .\Debug/hornetgun.obj
         .\Debug/houndeye.obj
         .\Debug/ichthyosaur.obj
         .\Debug/islave.obj
         .\Debug/items.obj
         .\Debug/leech.obj
         .\Debug/lights.obj
         .\Debug/maprules.obj
         .\Debug/monstermaker.obj
         .\Debug/monsterstate.obj
         .\Debug/mortar.obj
         .\Debug/mp5.obj
         .\Debug/multiplay_gamerules.obj
         .\Debug/nihilanth.obj
         .\Debug/nodes.obj
         .\Debug/osprey.obj
         .\Debug/pathcorner.obj
         .\Debug/plane.obj
         .\Debug/plats.obj
         .\Debug/player.obj
         .\Debug/pm_debug.obj
         .\Debug/pm_math.obj
         .\Debug/pm_shared.obj
         .\Debug/python.obj
         .\Debug/rat.obj
         .\Debug/roach.obj
         .\Debug/rpg.obj
         .\Debug/satchel.obj
         .\Debug/schedule.obj
         .\Debug/scientist.obj
         .\Debug/scripted.obj
         .\Debug/shotgun.obj
         .\Debug/singleplay_gamerules.obj
         .\Debug/skill.obj
         .\Debug/sound.obj
         .\Debug/soundent.obj
         .\Debug/spectator.obj
         .\Debug/squadmonster.obj
         .\Debug/squeakgrenade.obj
         .\Debug/subs.obj
         .\Debug/talkmonster.obj
         .\Debug/teamplay_gamerules.obj
         .\Debug/tentacle.obj
         .\Debug/triggers.obj
         .\Debug/tripmine.obj
         .\Debug/turret.obj
         .\Debug/util.obj
         .\Debug/voice_gamemgr.obj
         .\Debug/util_entity.obj
         .\Debug/weapons.obj
         .\Debug/world.obj
         .\Debug/xen.obj
         .\Debug/zombie.obj
       Manifest:
         c:\Program Files (x86)\Microsoft SDKs\Windows\v7.0A\bin\mt.exe /nologo /verbose /out:".\Debug\hl.dll.embed.manifest" /manifest .\Debug\hl.dll.intermediate.manifest
         All outputs are up-to-date.
       LinkEmbedManifest:
         All outputs are up-to-date.
         hl.vcxproj -> C:\Users\Administrator\Desktop\SM\HLS1 AZ\dlls\.\Debug\hl.dll
       PostBuildEvent:
         copy ".\Debug\hl.dll" "C:\Program Files (x86)\Valve\Half-Life NGHLv3\AbsoluteZero\dlls\az.dll"
         :VCEnd
                 1 file(s) copied.
       FinalizeBuildStatus:
         Deleting file ".\Debug\hl.unsuccessfulbuild".
         Touching ".\Debug\hl.lastbuildstate".
     1>Done Building Project "C:\Users\Administrator\Desktop\SM\HLS1 AZ\dlls\hl.vcxproj" (build target(s)).

Build succeeded.

Time Elapsed 00:00:02.06
