Build started 9/15/2018 4:32:08 AM.
     1>Project "C:\Users\Administrator\Desktop\SM\HLS1 AZ\cl_dll\cl_dll.vcxproj" on node 2 (build target(s)).
     1>InitializeBuildStatus:
         Creating ".\Debug\cl_dll.unsuccessfulbuild" because "AlwaysCreate" was specified.
       ClCompile:
         All outputs are up-to-date.
         All outputs are up-to-date.
       ManifestResourceCompile:
         All outputs are up-to-date.
       Link:
         All outputs are up-to-date.
       Manifest:
         All outputs are up-to-date.
       BscMake:
         All outputs are up-to-date.
       PostBuildEvent:
         copy ".\Debug\client.dll" "C:\Program Files (x86)\Valve\Half-Life NGHLv3\AbsoluteZero\cl_dlls\client.dll"
         :VCEnd
                 1 file(s) copied.
       FinalizeBuildStatus:
         Deleting file ".\Debug\cl_dll.unsuccessfulbuild".
         Touching ".\Debug\cl_dll.lastbuildstate".
     1>Done Building Project "C:\Users\Administrator\Desktop\SM\HLS1 AZ\cl_dll\cl_dll.vcxproj" (build target(s)).

Build succeeded.

Time Elapsed 00:00:00.34
