.\Debug\client.ilk
.\Debug\client.pdb
C:\Users\Administrator\Desktop\SM\HLS1 AZ\cl_dll\.\Debug\client.dll
C:\Users\Administrator\Desktop\SM\HLS1 AZ\cl_dll\.\Debug\client.dll.intermediate.manifest
C:\USERS\ADMINISTRATOR\DESKTOP\SM\HLS1 AZ\CL_DLL\DEBUG\AMMO.OBJ
C:\USERS\ADMINISTRATOR\DESKTOP\SM\HLS1 AZ\CL_DLL\DEBUG\AMMO.SBR
C:\USERS\ADMINISTRATOR\DESKTOP\SM\HLS1 AZ\CL_DLL\DEBUG\AMMO_SECONDARY.OBJ
C:\USERS\ADMINISTRATOR\DESKTOP\SM\HLS1 AZ\CL_DLL\DEBUG\AMMO_SECONDARY.SBR
C:\USERS\ADMINISTRATOR\DESKTOP\SM\HLS1 AZ\CL_DLL\DEBUG\AMMOHISTORY.OBJ
C:\USERS\ADMINISTRATOR\DESKTOP\SM\HLS1 AZ\CL_DLL\DEBUG\AMMOHISTORY.SBR
C:\USERS\ADMINISTRATOR\DESKTOP\SM\HLS1 AZ\CL_DLL\DEBUG\BATTERY.OBJ
C:\USERS\ADMINISTRATOR\DESKTOP\SM\HLS1 AZ\CL_DLL\DEBUG\BATTERY.SBR
C:\Users\Administrator\Desktop\SM\HLS1 AZ\cl_dll\Debug\BscMake.command.1.tlog
C:\Users\Administrator\Desktop\SM\HLS1 AZ\cl_dll\Debug\bscmake.read.1.tlog
C:\Users\Administrator\Desktop\SM\HLS1 AZ\cl_dll\Debug\bscmake.write.1.tlog
C:\USERS\ADMINISTRATOR\DESKTOP\SM\HLS1 AZ\CL_DLL\DEBUG\CDLL_INT.OBJ
C:\USERS\ADMINISTRATOR\DESKTOP\SM\HLS1 AZ\CL_DLL\DEBUG\CDLL_INT.SBR
C:\USERS\ADMINISTRATOR\DESKTOP\SM\HLS1 AZ\CL_DLL\DEBUG\CHUMTOADWEAPON.OBJ
C:\USERS\ADMINISTRATOR\DESKTOP\SM\HLS1 AZ\CL_DLL\DEBUG\CHUMTOADWEAPON.SBR
C:\Users\Administrator\Desktop\SM\HLS1 AZ\cl_dll\Debug\cl.command.1.tlog
C:\Users\Administrator\Desktop\SM\HLS1 AZ\cl_dll\Debug\CL.read.1.tlog
C:\Users\Administrator\Desktop\SM\HLS1 AZ\cl_dll\Debug\CL.write.1.tlog
C:\USERS\ADMINISTRATOR\DESKTOP\SM\HLS1 AZ\CL_DLL\DEBUG\CL_DLL.BSC
C:\Users\Administrator\Desktop\SM\HLS1 AZ\cl_dll\Debug\cl_dll.vcxprojResolveAssemblyReference.cache
C:\Users\Administrator\Desktop\SM\HLS1 AZ\cl_dll\Debug\cl_dll.write.1.tlog
C:\USERS\ADMINISTRATOR\DESKTOP\SM\HLS1 AZ\CL_DLL\DEBUG\CLIENT.DLL
C:\USERS\ADMINISTRATOR\DESKTOP\SM\HLS1 AZ\CL_DLL\DEBUG\CLIENT.DLL.EMBED.MANIFEST
C:\USERS\ADMINISTRATOR\DESKTOP\SM\HLS1 AZ\CL_DLL\DEBUG\CLIENT.DLL.EMBED.MANIFEST.RES
C:\USERS\ADMINISTRATOR\DESKTOP\SM\HLS1 AZ\CL_DLL\DEBUG\CLIENT.DLL.INTERMEDIATE.MANIFEST
C:\Users\Administrator\Desktop\SM\HLS1 AZ\cl_dll\Debug\client.exp
C:\USERS\ADMINISTRATOR\DESKTOP\SM\HLS1 AZ\CL_DLL\DEBUG\CLIENT.ILK
C:\Users\Administrator\Desktop\SM\HLS1 AZ\cl_dll\Debug\client.lib
C:\USERS\ADMINISTRATOR\DESKTOP\SM\HLS1 AZ\CL_DLL\DEBUG\CLIENT.PDB
C:\Users\Administrator\Desktop\SM\HLS1 AZ\cl_dll\Debug\client_manifest.rc
C:\USERS\ADMINISTRATOR\DESKTOP\SM\HLS1 AZ\CL_DLL\DEBUG\COM_WEAPONS.OBJ
C:\USERS\ADMINISTRATOR\DESKTOP\SM\HLS1 AZ\CL_DLL\DEBUG\COM_WEAPONS.SBR
C:\USERS\ADMINISTRATOR\DESKTOP\SM\HLS1 AZ\CL_DLL\DEBUG\CROSSBOW.OBJ
C:\USERS\ADMINISTRATOR\DESKTOP\SM\HLS1 AZ\CL_DLL\DEBUG\CROSSBOW.SBR
C:\USERS\ADMINISTRATOR\DESKTOP\SM\HLS1 AZ\CL_DLL\DEBUG\CROWBAR.OBJ
C:\USERS\ADMINISTRATOR\DESKTOP\SM\HLS1 AZ\CL_DLL\DEBUG\CROWBAR.SBR
C:\USERS\ADMINISTRATOR\DESKTOP\SM\HLS1 AZ\CL_DLL\DEBUG\CUSTOM_MESSAGE.OBJ
C:\USERS\ADMINISTRATOR\DESKTOP\SM\HLS1 AZ\CL_DLL\DEBUG\CUSTOM_MESSAGE.SBR
C:\USERS\ADMINISTRATOR\DESKTOP\SM\HLS1 AZ\CL_DLL\DEBUG\DEATH.OBJ
C:\USERS\ADMINISTRATOR\DESKTOP\SM\HLS1 AZ\CL_DLL\DEBUG\DEATH.SBR
C:\USERS\ADMINISTRATOR\DESKTOP\SM\HLS1 AZ\CL_DLL\DEBUG\DEMO.OBJ
C:\USERS\ADMINISTRATOR\DESKTOP\SM\HLS1 AZ\CL_DLL\DEBUG\DEMO.SBR
C:\USERS\ADMINISTRATOR\DESKTOP\SM\HLS1 AZ\CL_DLL\DEBUG\EGON.OBJ
C:\USERS\ADMINISTRATOR\DESKTOP\SM\HLS1 AZ\CL_DLL\DEBUG\EGON.SBR
C:\USERS\ADMINISTRATOR\DESKTOP\SM\HLS1 AZ\CL_DLL\DEBUG\ENTITY.OBJ
C:\USERS\ADMINISTRATOR\DESKTOP\SM\HLS1 AZ\CL_DLL\DEBUG\ENTITY.SBR
C:\USERS\ADMINISTRATOR\DESKTOP\SM\HLS1 AZ\CL_DLL\DEBUG\EV_COMMON.OBJ
C:\USERS\ADMINISTRATOR\DESKTOP\SM\HLS1 AZ\CL_DLL\DEBUG\EV_COMMON.SBR
C:\USERS\ADMINISTRATOR\DESKTOP\SM\HLS1 AZ\CL_DLL\DEBUG\EV_HLDM.OBJ
C:\USERS\ADMINISTRATOR\DESKTOP\SM\HLS1 AZ\CL_DLL\DEBUG\EV_HLDM.SBR
C:\USERS\ADMINISTRATOR\DESKTOP\SM\HLS1 AZ\CL_DLL\DEBUG\EVENTS.OBJ
C:\USERS\ADMINISTRATOR\DESKTOP\SM\HLS1 AZ\CL_DLL\DEBUG\EVENTS.SBR
C:\USERS\ADMINISTRATOR\DESKTOP\SM\HLS1 AZ\CL_DLL\DEBUG\FLASHLIGHT.OBJ
C:\USERS\ADMINISTRATOR\DESKTOP\SM\HLS1 AZ\CL_DLL\DEBUG\FLASHLIGHT.SBR
C:\USERS\ADMINISTRATOR\DESKTOP\SM\HLS1 AZ\CL_DLL\DEBUG\GAMESTUDIOMODELRENDERER.OBJ
C:\USERS\ADMINISTRATOR\DESKTOP\SM\HLS1 AZ\CL_DLL\DEBUG\GAMESTUDIOMODELRENDERER.SBR
C:\USERS\ADMINISTRATOR\DESKTOP\SM\HLS1 AZ\CL_DLL\DEBUG\GAUSS.OBJ
C:\USERS\ADMINISTRATOR\DESKTOP\SM\HLS1 AZ\CL_DLL\DEBUG\GAUSS.SBR
C:\USERS\ADMINISTRATOR\DESKTOP\SM\HLS1 AZ\CL_DLL\DEBUG\GEIGER.OBJ
C:\USERS\ADMINISTRATOR\DESKTOP\SM\HLS1 AZ\CL_DLL\DEBUG\GEIGER.SBR
C:\USERS\ADMINISTRATOR\DESKTOP\SM\HLS1 AZ\CL_DLL\DEBUG\GLOCK.OBJ
C:\USERS\ADMINISTRATOR\DESKTOP\SM\HLS1 AZ\CL_DLL\DEBUG\GLOCK.SBR
C:\USERS\ADMINISTRATOR\DESKTOP\SM\HLS1 AZ\CL_DLL\DEBUG\HANDGRENADE.OBJ
C:\USERS\ADMINISTRATOR\DESKTOP\SM\HLS1 AZ\CL_DLL\DEBUG\HANDGRENADE.SBR
C:\USERS\ADMINISTRATOR\DESKTOP\SM\HLS1 AZ\CL_DLL\DEBUG\HEALTH.OBJ
C:\USERS\ADMINISTRATOR\DESKTOP\SM\HLS1 AZ\CL_DLL\DEBUG\HEALTH.SBR
C:\USERS\ADMINISTRATOR\DESKTOP\SM\HLS1 AZ\CL_DLL\DEBUG\HL_BASEENTITY.OBJ
C:\USERS\ADMINISTRATOR\DESKTOP\SM\HLS1 AZ\CL_DLL\DEBUG\HL_BASEENTITY.SBR
C:\USERS\ADMINISTRATOR\DESKTOP\SM\HLS1 AZ\CL_DLL\DEBUG\HL_EVENTS.OBJ
C:\USERS\ADMINISTRATOR\DESKTOP\SM\HLS1 AZ\CL_DLL\DEBUG\HL_EVENTS.SBR
C:\USERS\ADMINISTRATOR\DESKTOP\SM\HLS1 AZ\CL_DLL\DEBUG\HL_OBJECTS.OBJ
C:\USERS\ADMINISTRATOR\DESKTOP\SM\HLS1 AZ\CL_DLL\DEBUG\HL_OBJECTS.SBR
C:\USERS\ADMINISTRATOR\DESKTOP\SM\HLS1 AZ\CL_DLL\DEBUG\HL_WEAPONS.OBJ
C:\USERS\ADMINISTRATOR\DESKTOP\SM\HLS1 AZ\CL_DLL\DEBUG\HL_WEAPONS.SBR
C:\USERS\ADMINISTRATOR\DESKTOP\SM\HLS1 AZ\CL_DLL\DEBUG\HORNETGUN.OBJ
C:\USERS\ADMINISTRATOR\DESKTOP\SM\HLS1 AZ\CL_DLL\DEBUG\HORNETGUN.SBR
C:\USERS\ADMINISTRATOR\DESKTOP\SM\HLS1 AZ\CL_DLL\DEBUG\HUD.OBJ
C:\USERS\ADMINISTRATOR\DESKTOP\SM\HLS1 AZ\CL_DLL\DEBUG\HUD.SBR
C:\USERS\ADMINISTRATOR\DESKTOP\SM\HLS1 AZ\CL_DLL\DEBUG\HUD_MSG.OBJ
C:\USERS\ADMINISTRATOR\DESKTOP\SM\HLS1 AZ\CL_DLL\DEBUG\HUD_MSG.SBR
C:\USERS\ADMINISTRATOR\DESKTOP\SM\HLS1 AZ\CL_DLL\DEBUG\HUD_REDRAW.OBJ
C:\USERS\ADMINISTRATOR\DESKTOP\SM\HLS1 AZ\CL_DLL\DEBUG\HUD_REDRAW.SBR
C:\USERS\ADMINISTRATOR\DESKTOP\SM\HLS1 AZ\CL_DLL\DEBUG\HUD_SERVERS.OBJ
C:\USERS\ADMINISTRATOR\DESKTOP\SM\HLS1 AZ\CL_DLL\DEBUG\HUD_SERVERS.SBR
C:\USERS\ADMINISTRATOR\DESKTOP\SM\HLS1 AZ\CL_DLL\DEBUG\HUD_SPECTATOR.OBJ
C:\USERS\ADMINISTRATOR\DESKTOP\SM\HLS1 AZ\CL_DLL\DEBUG\HUD_SPECTATOR.SBR
C:\USERS\ADMINISTRATOR\DESKTOP\SM\HLS1 AZ\CL_DLL\DEBUG\HUD_UPDATE.OBJ
C:\USERS\ADMINISTRATOR\DESKTOP\SM\HLS1 AZ\CL_DLL\DEBUG\HUD_UPDATE.SBR
C:\USERS\ADMINISTRATOR\DESKTOP\SM\HLS1 AZ\CL_DLL\DEBUG\IN_CAMERA.OBJ
C:\USERS\ADMINISTRATOR\DESKTOP\SM\HLS1 AZ\CL_DLL\DEBUG\IN_CAMERA.SBR
C:\USERS\ADMINISTRATOR\DESKTOP\SM\HLS1 AZ\CL_DLL\DEBUG\INPUT.OBJ
C:\USERS\ADMINISTRATOR\DESKTOP\SM\HLS1 AZ\CL_DLL\DEBUG\INPUT.SBR
C:\USERS\ADMINISTRATOR\DESKTOP\SM\HLS1 AZ\CL_DLL\DEBUG\INPUTW32.OBJ
C:\USERS\ADMINISTRATOR\DESKTOP\SM\HLS1 AZ\CL_DLL\DEBUG\INPUTW32.SBR
C:\USERS\ADMINISTRATOR\DESKTOP\SM\HLS1 AZ\CL_DLL\DEBUG\INTERFACE.OBJ
C:\USERS\ADMINISTRATOR\DESKTOP\SM\HLS1 AZ\CL_DLL\DEBUG\INTERFACE.SBR
C:\Users\Administrator\Desktop\SM\HLS1 AZ\cl_dll\Debug\link.10068.read.1.tlog
C:\Users\Administrator\Desktop\SM\HLS1 AZ\cl_dll\Debug\link.10068.write.1.tlog
C:\Users\Administrator\Desktop\SM\HLS1 AZ\cl_dll\Debug\link.10068-cvtres.read.1.tlog
C:\Users\Administrator\Desktop\SM\HLS1 AZ\cl_dll\Debug\link.10068-cvtres.write.1.tlog
C:\Users\Administrator\Desktop\SM\HLS1 AZ\cl_dll\Debug\link.10352.read.1.tlog
C:\Users\Administrator\Desktop\SM\HLS1 AZ\cl_dll\Debug\link.10352.write.1.tlog
C:\Users\Administrator\Desktop\SM\HLS1 AZ\cl_dll\Debug\link.10352-cvtres.read.1.tlog
C:\Users\Administrator\Desktop\SM\HLS1 AZ\cl_dll\Debug\link.10352-cvtres.write.1.tlog
C:\Users\Administrator\Desktop\SM\HLS1 AZ\cl_dll\Debug\link.10376.read.1.tlog
C:\Users\Administrator\Desktop\SM\HLS1 AZ\cl_dll\Debug\link.10376.write.1.tlog
C:\Users\Administrator\Desktop\SM\HLS1 AZ\cl_dll\Debug\link.10376-cvtres.read.1.tlog
C:\Users\Administrator\Desktop\SM\HLS1 AZ\cl_dll\Debug\link.10376-cvtres.write.1.tlog
C:\Users\Administrator\Desktop\SM\HLS1 AZ\cl_dll\Debug\link.11036.read.1.tlog
C:\Users\Administrator\Desktop\SM\HLS1 AZ\cl_dll\Debug\link.11036.write.1.tlog
C:\Users\Administrator\Desktop\SM\HLS1 AZ\cl_dll\Debug\link.11036-cvtres.read.1.tlog
C:\Users\Administrator\Desktop\SM\HLS1 AZ\cl_dll\Debug\link.11036-cvtres.write.1.tlog
C:\Users\Administrator\Desktop\SM\HLS1 AZ\cl_dll\Debug\link.11092.read.1.tlog
C:\Users\Administrator\Desktop\SM\HLS1 AZ\cl_dll\Debug\link.11092.write.1.tlog
C:\Users\Administrator\Desktop\SM\HLS1 AZ\cl_dll\Debug\link.11092-cvtres.read.1.tlog
C:\Users\Administrator\Desktop\SM\HLS1 AZ\cl_dll\Debug\link.11092-cvtres.write.1.tlog
C:\Users\Administrator\Desktop\SM\HLS1 AZ\cl_dll\Debug\link.11128.read.1.tlog
C:\Users\Administrator\Desktop\SM\HLS1 AZ\cl_dll\Debug\link.11128.write.1.tlog
C:\Users\Administrator\Desktop\SM\HLS1 AZ\cl_dll\Debug\link.11128-cvtres.read.1.tlog
C:\Users\Administrator\Desktop\SM\HLS1 AZ\cl_dll\Debug\link.11128-cvtres.write.1.tlog
C:\Users\Administrator\Desktop\SM\HLS1 AZ\cl_dll\Debug\link.11136.read.1.tlog
C:\Users\Administrator\Desktop\SM\HLS1 AZ\cl_dll\Debug\link.11136.write.1.tlog
C:\Users\Administrator\Desktop\SM\HLS1 AZ\cl_dll\Debug\link.11136-cvtres.read.1.tlog
C:\Users\Administrator\Desktop\SM\HLS1 AZ\cl_dll\Debug\link.11136-cvtres.write.1.tlog
C:\Users\Administrator\Desktop\SM\HLS1 AZ\cl_dll\Debug\link.11288.read.1.tlog
C:\Users\Administrator\Desktop\SM\HLS1 AZ\cl_dll\Debug\link.11288.write.1.tlog
C:\Users\Administrator\Desktop\SM\HLS1 AZ\cl_dll\Debug\link.11288-cvtres.read.1.tlog
C:\Users\Administrator\Desktop\SM\HLS1 AZ\cl_dll\Debug\link.11288-cvtres.write.1.tlog
C:\Users\Administrator\Desktop\SM\HLS1 AZ\cl_dll\Debug\link.12032.read.1.tlog
C:\Users\Administrator\Desktop\SM\HLS1 AZ\cl_dll\Debug\link.12032.write.1.tlog
C:\Users\Administrator\Desktop\SM\HLS1 AZ\cl_dll\Debug\link.12032-cvtres.read.1.tlog
C:\Users\Administrator\Desktop\SM\HLS1 AZ\cl_dll\Debug\link.12032-cvtres.write.1.tlog
C:\Users\Administrator\Desktop\SM\HLS1 AZ\cl_dll\Debug\link.12160.read.1.tlog
C:\Users\Administrator\Desktop\SM\HLS1 AZ\cl_dll\Debug\link.12160.write.1.tlog
C:\Users\Administrator\Desktop\SM\HLS1 AZ\cl_dll\Debug\link.12160-cvtres.read.1.tlog
C:\Users\Administrator\Desktop\SM\HLS1 AZ\cl_dll\Debug\link.12160-cvtres.write.1.tlog
C:\Users\Administrator\Desktop\SM\HLS1 AZ\cl_dll\Debug\link.1260.read.1.tlog
C:\Users\Administrator\Desktop\SM\HLS1 AZ\cl_dll\Debug\link.1260.write.1.tlog
C:\Users\Administrator\Desktop\SM\HLS1 AZ\cl_dll\Debug\link.1260-cvtres.read.1.tlog
C:\Users\Administrator\Desktop\SM\HLS1 AZ\cl_dll\Debug\link.1260-cvtres.write.1.tlog
C:\Users\Administrator\Desktop\SM\HLS1 AZ\cl_dll\Debug\link.12644.read.1.tlog
C:\Users\Administrator\Desktop\SM\HLS1 AZ\cl_dll\Debug\link.12644.write.1.tlog
C:\Users\Administrator\Desktop\SM\HLS1 AZ\cl_dll\Debug\link.12644-cvtres.read.1.tlog
C:\Users\Administrator\Desktop\SM\HLS1 AZ\cl_dll\Debug\link.12644-cvtres.write.1.tlog
C:\Users\Administrator\Desktop\SM\HLS1 AZ\cl_dll\Debug\link.12760.read.1.tlog
C:\Users\Administrator\Desktop\SM\HLS1 AZ\cl_dll\Debug\link.12760.write.1.tlog
C:\Users\Administrator\Desktop\SM\HLS1 AZ\cl_dll\Debug\link.12760-cvtres.read.1.tlog
C:\Users\Administrator\Desktop\SM\HLS1 AZ\cl_dll\Debug\link.12760-cvtres.write.1.tlog
C:\Users\Administrator\Desktop\SM\HLS1 AZ\cl_dll\Debug\link.13148.read.1.tlog
C:\Users\Administrator\Desktop\SM\HLS1 AZ\cl_dll\Debug\link.13148.write.1.tlog
C:\Users\Administrator\Desktop\SM\HLS1 AZ\cl_dll\Debug\link.13148-cvtres.read.1.tlog
C:\Users\Administrator\Desktop\SM\HLS1 AZ\cl_dll\Debug\link.13148-cvtres.write.1.tlog
C:\Users\Administrator\Desktop\SM\HLS1 AZ\cl_dll\Debug\link.1336.read.1.tlog
C:\Users\Administrator\Desktop\SM\HLS1 AZ\cl_dll\Debug\link.1336.write.1.tlog
C:\Users\Administrator\Desktop\SM\HLS1 AZ\cl_dll\Debug\link.1336-cvtres.read.1.tlog
C:\Users\Administrator\Desktop\SM\HLS1 AZ\cl_dll\Debug\link.1336-cvtres.write.1.tlog
C:\Users\Administrator\Desktop\SM\HLS1 AZ\cl_dll\Debug\link.1356.read.1.tlog
C:\Users\Administrator\Desktop\SM\HLS1 AZ\cl_dll\Debug\link.1356.write.1.tlog
C:\Users\Administrator\Desktop\SM\HLS1 AZ\cl_dll\Debug\link.1356-cvtres.read.1.tlog
C:\Users\Administrator\Desktop\SM\HLS1 AZ\cl_dll\Debug\link.1356-cvtres.write.1.tlog
C:\Users\Administrator\Desktop\SM\HLS1 AZ\cl_dll\Debug\link.13784.read.1.tlog
C:\Users\Administrator\Desktop\SM\HLS1 AZ\cl_dll\Debug\link.13784.write.1.tlog
C:\Users\Administrator\Desktop\SM\HLS1 AZ\cl_dll\Debug\link.13784-cvtres.read.1.tlog
C:\Users\Administrator\Desktop\SM\HLS1 AZ\cl_dll\Debug\link.13784-cvtres.write.1.tlog
C:\Users\Administrator\Desktop\SM\HLS1 AZ\cl_dll\Debug\link.14228.read.1.tlog
C:\Users\Administrator\Desktop\SM\HLS1 AZ\cl_dll\Debug\link.14228.write.1.tlog
C:\Users\Administrator\Desktop\SM\HLS1 AZ\cl_dll\Debug\link.14228-cvtres.read.1.tlog
C:\Users\Administrator\Desktop\SM\HLS1 AZ\cl_dll\Debug\link.14228-cvtres.write.1.tlog
C:\Users\Administrator\Desktop\SM\HLS1 AZ\cl_dll\Debug\link.1424.read.1.tlog
C:\Users\Administrator\Desktop\SM\HLS1 AZ\cl_dll\Debug\link.1424.write.1.tlog
C:\Users\Administrator\Desktop\SM\HLS1 AZ\cl_dll\Debug\link.1424-cvtres.read.1.tlog
C:\Users\Administrator\Desktop\SM\HLS1 AZ\cl_dll\Debug\link.1424-cvtres.write.1.tlog
C:\Users\Administrator\Desktop\SM\HLS1 AZ\cl_dll\Debug\link.15244.read.1.tlog
C:\Users\Administrator\Desktop\SM\HLS1 AZ\cl_dll\Debug\link.15244.write.1.tlog
C:\Users\Administrator\Desktop\SM\HLS1 AZ\cl_dll\Debug\link.15244-cvtres.read.1.tlog
C:\Users\Administrator\Desktop\SM\HLS1 AZ\cl_dll\Debug\link.15244-cvtres.write.1.tlog
C:\Users\Administrator\Desktop\SM\HLS1 AZ\cl_dll\Debug\link.15280.read.1.tlog
C:\Users\Administrator\Desktop\SM\HLS1 AZ\cl_dll\Debug\link.15280.write.1.tlog
C:\Users\Administrator\Desktop\SM\HLS1 AZ\cl_dll\Debug\link.15280-cvtres.read.1.tlog
C:\Users\Administrator\Desktop\SM\HLS1 AZ\cl_dll\Debug\link.15280-cvtres.write.1.tlog
C:\Users\Administrator\Desktop\SM\HLS1 AZ\cl_dll\Debug\link.15468.read.1.tlog
C:\Users\Administrator\Desktop\SM\HLS1 AZ\cl_dll\Debug\link.15468.write.1.tlog
C:\Users\Administrator\Desktop\SM\HLS1 AZ\cl_dll\Debug\link.15468-cvtres.read.1.tlog
C:\Users\Administrator\Desktop\SM\HLS1 AZ\cl_dll\Debug\link.15468-cvtres.write.1.tlog
C:\Users\Administrator\Desktop\SM\HLS1 AZ\cl_dll\Debug\link.15568.read.1.tlog
C:\Users\Administrator\Desktop\SM\HLS1 AZ\cl_dll\Debug\link.15568.write.1.tlog
C:\Users\Administrator\Desktop\SM\HLS1 AZ\cl_dll\Debug\link.15568-cvtres.read.1.tlog
C:\Users\Administrator\Desktop\SM\HLS1 AZ\cl_dll\Debug\link.15568-cvtres.write.1.tlog
C:\Users\Administrator\Desktop\SM\HLS1 AZ\cl_dll\Debug\link.15716.read.1.tlog
C:\Users\Administrator\Desktop\SM\HLS1 AZ\cl_dll\Debug\link.15716.write.1.tlog
C:\Users\Administrator\Desktop\SM\HLS1 AZ\cl_dll\Debug\link.15716-cvtres.read.1.tlog
C:\Users\Administrator\Desktop\SM\HLS1 AZ\cl_dll\Debug\link.15716-cvtres.write.1.tlog
C:\Users\Administrator\Desktop\SM\HLS1 AZ\cl_dll\Debug\link.15884.read.1.tlog
C:\Users\Administrator\Desktop\SM\HLS1 AZ\cl_dll\Debug\link.15884.write.1.tlog
C:\Users\Administrator\Desktop\SM\HLS1 AZ\cl_dll\Debug\link.15884-cvtres.read.1.tlog
C:\Users\Administrator\Desktop\SM\HLS1 AZ\cl_dll\Debug\link.15884-cvtres.write.1.tlog
C:\Users\Administrator\Desktop\SM\HLS1 AZ\cl_dll\Debug\link.16256.read.1.tlog
C:\Users\Administrator\Desktop\SM\HLS1 AZ\cl_dll\Debug\link.16256.write.1.tlog
C:\Users\Administrator\Desktop\SM\HLS1 AZ\cl_dll\Debug\link.16256-cvtres.read.1.tlog
C:\Users\Administrator\Desktop\SM\HLS1 AZ\cl_dll\Debug\link.16256-cvtres.write.1.tlog
C:\Users\Administrator\Desktop\SM\HLS1 AZ\cl_dll\Debug\link.16260.read.1.tlog
C:\Users\Administrator\Desktop\SM\HLS1 AZ\cl_dll\Debug\link.16260.write.1.tlog
C:\Users\Administrator\Desktop\SM\HLS1 AZ\cl_dll\Debug\link.16260-cvtres.read.1.tlog
C:\Users\Administrator\Desktop\SM\HLS1 AZ\cl_dll\Debug\link.16260-cvtres.write.1.tlog
C:\Users\Administrator\Desktop\SM\HLS1 AZ\cl_dll\Debug\link.16420.read.1.tlog
C:\Users\Administrator\Desktop\SM\HLS1 AZ\cl_dll\Debug\link.16420.write.1.tlog
C:\Users\Administrator\Desktop\SM\HLS1 AZ\cl_dll\Debug\link.16420-cvtres.read.1.tlog
C:\Users\Administrator\Desktop\SM\HLS1 AZ\cl_dll\Debug\link.16420-cvtres.write.1.tlog
C:\Users\Administrator\Desktop\SM\HLS1 AZ\cl_dll\Debug\link.17172.read.1.tlog
C:\Users\Administrator\Desktop\SM\HLS1 AZ\cl_dll\Debug\link.17172.write.1.tlog
C:\Users\Administrator\Desktop\SM\HLS1 AZ\cl_dll\Debug\link.17172-cvtres.read.1.tlog
C:\Users\Administrator\Desktop\SM\HLS1 AZ\cl_dll\Debug\link.17172-cvtres.write.1.tlog
C:\Users\Administrator\Desktop\SM\HLS1 AZ\cl_dll\Debug\link.17192.read.1.tlog
C:\Users\Administrator\Desktop\SM\HLS1 AZ\cl_dll\Debug\link.17192.write.1.tlog
C:\Users\Administrator\Desktop\SM\HLS1 AZ\cl_dll\Debug\link.17192-cvtres.read.1.tlog
C:\Users\Administrator\Desktop\SM\HLS1 AZ\cl_dll\Debug\link.17192-cvtres.write.1.tlog
C:\Users\Administrator\Desktop\SM\HLS1 AZ\cl_dll\Debug\link.17288.read.1.tlog
C:\Users\Administrator\Desktop\SM\HLS1 AZ\cl_dll\Debug\link.17288.write.1.tlog
C:\Users\Administrator\Desktop\SM\HLS1 AZ\cl_dll\Debug\link.17288-cvtres.read.1.tlog
C:\Users\Administrator\Desktop\SM\HLS1 AZ\cl_dll\Debug\link.17288-cvtres.write.1.tlog
C:\Users\Administrator\Desktop\SM\HLS1 AZ\cl_dll\Debug\link.17616.read.1.tlog
C:\Users\Administrator\Desktop\SM\HLS1 AZ\cl_dll\Debug\link.17616.write.1.tlog
C:\Users\Administrator\Desktop\SM\HLS1 AZ\cl_dll\Debug\link.17616-cvtres.read.1.tlog
C:\Users\Administrator\Desktop\SM\HLS1 AZ\cl_dll\Debug\link.17616-cvtres.write.1.tlog
C:\Users\Administrator\Desktop\SM\HLS1 AZ\cl_dll\Debug\link.17684.read.1.tlog
C:\Users\Administrator\Desktop\SM\HLS1 AZ\cl_dll\Debug\link.17684.write.1.tlog
C:\Users\Administrator\Desktop\SM\HLS1 AZ\cl_dll\Debug\link.17684-cvtres.read.1.tlog
C:\Users\Administrator\Desktop\SM\HLS1 AZ\cl_dll\Debug\link.17684-cvtres.write.1.tlog
C:\Users\Administrator\Desktop\SM\HLS1 AZ\cl_dll\Debug\link.17884.read.1.tlog
C:\Users\Administrator\Desktop\SM\HLS1 AZ\cl_dll\Debug\link.17884.write.1.tlog
C:\Users\Administrator\Desktop\SM\HLS1 AZ\cl_dll\Debug\link.17884-cvtres.read.1.tlog
C:\Users\Administrator\Desktop\SM\HLS1 AZ\cl_dll\Debug\link.17884-cvtres.write.1.tlog
C:\Users\Administrator\Desktop\SM\HLS1 AZ\cl_dll\Debug\link.17912.read.1.tlog
C:\Users\Administrator\Desktop\SM\HLS1 AZ\cl_dll\Debug\link.17912.write.1.tlog
C:\Users\Administrator\Desktop\SM\HLS1 AZ\cl_dll\Debug\link.17912-cvtres.read.1.tlog
C:\Users\Administrator\Desktop\SM\HLS1 AZ\cl_dll\Debug\link.17912-cvtres.write.1.tlog
C:\Users\Administrator\Desktop\SM\HLS1 AZ\cl_dll\Debug\link.18016.read.1.tlog
C:\Users\Administrator\Desktop\SM\HLS1 AZ\cl_dll\Debug\link.18016.write.1.tlog
C:\Users\Administrator\Desktop\SM\HLS1 AZ\cl_dll\Debug\link.18016-cvtres.read.1.tlog
C:\Users\Administrator\Desktop\SM\HLS1 AZ\cl_dll\Debug\link.18016-cvtres.write.1.tlog
C:\Users\Administrator\Desktop\SM\HLS1 AZ\cl_dll\Debug\link.18892.read.1.tlog
C:\Users\Administrator\Desktop\SM\HLS1 AZ\cl_dll\Debug\link.18892.write.1.tlog
C:\Users\Administrator\Desktop\SM\HLS1 AZ\cl_dll\Debug\link.18892-cvtres.read.1.tlog
C:\Users\Administrator\Desktop\SM\HLS1 AZ\cl_dll\Debug\link.18892-cvtres.write.1.tlog
C:\Users\Administrator\Desktop\SM\HLS1 AZ\cl_dll\Debug\link.19372.read.1.tlog
C:\Users\Administrator\Desktop\SM\HLS1 AZ\cl_dll\Debug\link.19372.write.1.tlog
C:\Users\Administrator\Desktop\SM\HLS1 AZ\cl_dll\Debug\link.19372-cvtres.read.1.tlog
C:\Users\Administrator\Desktop\SM\HLS1 AZ\cl_dll\Debug\link.19372-cvtres.write.1.tlog
C:\Users\Administrator\Desktop\SM\HLS1 AZ\cl_dll\Debug\link.19576.read.1.tlog
C:\Users\Administrator\Desktop\SM\HLS1 AZ\cl_dll\Debug\link.19576.write.1.tlog
C:\Users\Administrator\Desktop\SM\HLS1 AZ\cl_dll\Debug\link.19576-cvtres.read.1.tlog
C:\Users\Administrator\Desktop\SM\HLS1 AZ\cl_dll\Debug\link.19576-cvtres.write.1.tlog
C:\Users\Administrator\Desktop\SM\HLS1 AZ\cl_dll\Debug\link.19632.read.1.tlog
C:\Users\Administrator\Desktop\SM\HLS1 AZ\cl_dll\Debug\link.19632.write.1.tlog
C:\Users\Administrator\Desktop\SM\HLS1 AZ\cl_dll\Debug\link.19632-cvtres.read.1.tlog
C:\Users\Administrator\Desktop\SM\HLS1 AZ\cl_dll\Debug\link.19632-cvtres.write.1.tlog
C:\Users\Administrator\Desktop\SM\HLS1 AZ\cl_dll\Debug\link.19760.read.1.tlog
C:\Users\Administrator\Desktop\SM\HLS1 AZ\cl_dll\Debug\link.19760.write.1.tlog
C:\Users\Administrator\Desktop\SM\HLS1 AZ\cl_dll\Debug\link.19760-cvtres.read.1.tlog
C:\Users\Administrator\Desktop\SM\HLS1 AZ\cl_dll\Debug\link.19760-cvtres.write.1.tlog
C:\Users\Administrator\Desktop\SM\HLS1 AZ\cl_dll\Debug\link.20256.read.1.tlog
C:\Users\Administrator\Desktop\SM\HLS1 AZ\cl_dll\Debug\link.20256.write.1.tlog
C:\Users\Administrator\Desktop\SM\HLS1 AZ\cl_dll\Debug\link.20256-cvtres.read.1.tlog
C:\Users\Administrator\Desktop\SM\HLS1 AZ\cl_dll\Debug\link.20256-cvtres.write.1.tlog
C:\Users\Administrator\Desktop\SM\HLS1 AZ\cl_dll\Debug\link.20888.read.1.tlog
C:\Users\Administrator\Desktop\SM\HLS1 AZ\cl_dll\Debug\link.20888.write.1.tlog
C:\Users\Administrator\Desktop\SM\HLS1 AZ\cl_dll\Debug\link.20888-cvtres.read.1.tlog
C:\Users\Administrator\Desktop\SM\HLS1 AZ\cl_dll\Debug\link.20888-cvtres.write.1.tlog
C:\Users\Administrator\Desktop\SM\HLS1 AZ\cl_dll\Debug\link.20952.read.1.tlog
C:\Users\Administrator\Desktop\SM\HLS1 AZ\cl_dll\Debug\link.20952.write.1.tlog
C:\Users\Administrator\Desktop\SM\HLS1 AZ\cl_dll\Debug\link.20952-cvtres.read.1.tlog
C:\Users\Administrator\Desktop\SM\HLS1 AZ\cl_dll\Debug\link.20952-cvtres.write.1.tlog
C:\Users\Administrator\Desktop\SM\HLS1 AZ\cl_dll\Debug\link.21064.read.1.tlog
C:\Users\Administrator\Desktop\SM\HLS1 AZ\cl_dll\Debug\link.21064.write.1.tlog
C:\Users\Administrator\Desktop\SM\HLS1 AZ\cl_dll\Debug\link.21064-cvtres.read.1.tlog
C:\Users\Administrator\Desktop\SM\HLS1 AZ\cl_dll\Debug\link.21064-cvtres.write.1.tlog
C:\Users\Administrator\Desktop\SM\HLS1 AZ\cl_dll\Debug\link.22268.read.1.tlog
C:\Users\Administrator\Desktop\SM\HLS1 AZ\cl_dll\Debug\link.22268.write.1.tlog
C:\Users\Administrator\Desktop\SM\HLS1 AZ\cl_dll\Debug\link.22268-cvtres.read.1.tlog
C:\Users\Administrator\Desktop\SM\HLS1 AZ\cl_dll\Debug\link.22268-cvtres.write.1.tlog
C:\Users\Administrator\Desktop\SM\HLS1 AZ\cl_dll\Debug\link.2252.read.1.tlog
C:\Users\Administrator\Desktop\SM\HLS1 AZ\cl_dll\Debug\link.2252.write.1.tlog
C:\Users\Administrator\Desktop\SM\HLS1 AZ\cl_dll\Debug\link.2252-cvtres.read.1.tlog
C:\Users\Administrator\Desktop\SM\HLS1 AZ\cl_dll\Debug\link.2252-cvtres.write.1.tlog
C:\Users\Administrator\Desktop\SM\HLS1 AZ\cl_dll\Debug\link.22956.read.1.tlog
C:\Users\Administrator\Desktop\SM\HLS1 AZ\cl_dll\Debug\link.22956.write.1.tlog
C:\Users\Administrator\Desktop\SM\HLS1 AZ\cl_dll\Debug\link.22956-cvtres.read.1.tlog
C:\Users\Administrator\Desktop\SM\HLS1 AZ\cl_dll\Debug\link.22956-cvtres.write.1.tlog
C:\Users\Administrator\Desktop\SM\HLS1 AZ\cl_dll\Debug\link.2316.read.1.tlog
C:\Users\Administrator\Desktop\SM\HLS1 AZ\cl_dll\Debug\link.2316.write.1.tlog
C:\Users\Administrator\Desktop\SM\HLS1 AZ\cl_dll\Debug\link.2316-cvtres.read.1.tlog
C:\Users\Administrator\Desktop\SM\HLS1 AZ\cl_dll\Debug\link.2316-cvtres.write.1.tlog
C:\Users\Administrator\Desktop\SM\HLS1 AZ\cl_dll\Debug\link.23436.read.1.tlog
C:\Users\Administrator\Desktop\SM\HLS1 AZ\cl_dll\Debug\link.23436.write.1.tlog
C:\Users\Administrator\Desktop\SM\HLS1 AZ\cl_dll\Debug\link.23436-cvtres.read.1.tlog
C:\Users\Administrator\Desktop\SM\HLS1 AZ\cl_dll\Debug\link.23436-cvtres.write.1.tlog
C:\Users\Administrator\Desktop\SM\HLS1 AZ\cl_dll\Debug\link.24504.read.1.tlog
C:\Users\Administrator\Desktop\SM\HLS1 AZ\cl_dll\Debug\link.24504.write.1.tlog
C:\Users\Administrator\Desktop\SM\HLS1 AZ\cl_dll\Debug\link.24504-cvtres.read.1.tlog
C:\Users\Administrator\Desktop\SM\HLS1 AZ\cl_dll\Debug\link.24504-cvtres.write.1.tlog
C:\Users\Administrator\Desktop\SM\HLS1 AZ\cl_dll\Debug\link.24764.read.1.tlog
C:\Users\Administrator\Desktop\SM\HLS1 AZ\cl_dll\Debug\link.24764.write.1.tlog
C:\Users\Administrator\Desktop\SM\HLS1 AZ\cl_dll\Debug\link.24764-cvtres.read.1.tlog
C:\Users\Administrator\Desktop\SM\HLS1 AZ\cl_dll\Debug\link.24764-cvtres.write.1.tlog
C:\Users\Administrator\Desktop\SM\HLS1 AZ\cl_dll\Debug\link.25288.read.1.tlog
C:\Users\Administrator\Desktop\SM\HLS1 AZ\cl_dll\Debug\link.25288.write.1.tlog
C:\Users\Administrator\Desktop\SM\HLS1 AZ\cl_dll\Debug\link.25288-cvtres.read.1.tlog
C:\Users\Administrator\Desktop\SM\HLS1 AZ\cl_dll\Debug\link.25288-cvtres.write.1.tlog
C:\Users\Administrator\Desktop\SM\HLS1 AZ\cl_dll\Debug\link.2584.read.1.tlog
C:\Users\Administrator\Desktop\SM\HLS1 AZ\cl_dll\Debug\link.2584.write.1.tlog
C:\Users\Administrator\Desktop\SM\HLS1 AZ\cl_dll\Debug\link.25840.read.1.tlog
C:\Users\Administrator\Desktop\SM\HLS1 AZ\cl_dll\Debug\link.25840.write.1.tlog
C:\Users\Administrator\Desktop\SM\HLS1 AZ\cl_dll\Debug\link.25840-cvtres.read.1.tlog
C:\Users\Administrator\Desktop\SM\HLS1 AZ\cl_dll\Debug\link.25840-cvtres.write.1.tlog
C:\Users\Administrator\Desktop\SM\HLS1 AZ\cl_dll\Debug\link.2584-cvtres.read.1.tlog
C:\Users\Administrator\Desktop\SM\HLS1 AZ\cl_dll\Debug\link.2584-cvtres.write.1.tlog
C:\Users\Administrator\Desktop\SM\HLS1 AZ\cl_dll\Debug\link.26816.read.1.tlog
C:\Users\Administrator\Desktop\SM\HLS1 AZ\cl_dll\Debug\link.26816.write.1.tlog
C:\Users\Administrator\Desktop\SM\HLS1 AZ\cl_dll\Debug\link.26816-cvtres.read.1.tlog
C:\Users\Administrator\Desktop\SM\HLS1 AZ\cl_dll\Debug\link.26816-cvtres.write.1.tlog
C:\Users\Administrator\Desktop\SM\HLS1 AZ\cl_dll\Debug\link.27048.read.1.tlog
C:\Users\Administrator\Desktop\SM\HLS1 AZ\cl_dll\Debug\link.27048.write.1.tlog
C:\Users\Administrator\Desktop\SM\HLS1 AZ\cl_dll\Debug\link.27048-cvtres.read.1.tlog
C:\Users\Administrator\Desktop\SM\HLS1 AZ\cl_dll\Debug\link.27048-cvtres.write.1.tlog
C:\Users\Administrator\Desktop\SM\HLS1 AZ\cl_dll\Debug\link.27644.read.1.tlog
C:\Users\Administrator\Desktop\SM\HLS1 AZ\cl_dll\Debug\link.27644.write.1.tlog
C:\Users\Administrator\Desktop\SM\HLS1 AZ\cl_dll\Debug\link.27644-cvtres.read.1.tlog
C:\Users\Administrator\Desktop\SM\HLS1 AZ\cl_dll\Debug\link.27644-cvtres.write.1.tlog
C:\Users\Administrator\Desktop\SM\HLS1 AZ\cl_dll\Debug\link.27904.read.1.tlog
C:\Users\Administrator\Desktop\SM\HLS1 AZ\cl_dll\Debug\link.27904.write.1.tlog
C:\Users\Administrator\Desktop\SM\HLS1 AZ\cl_dll\Debug\link.27904-cvtres.read.1.tlog
C:\Users\Administrator\Desktop\SM\HLS1 AZ\cl_dll\Debug\link.27904-cvtres.write.1.tlog
C:\Users\Administrator\Desktop\SM\HLS1 AZ\cl_dll\Debug\link.28016.read.1.tlog
C:\Users\Administrator\Desktop\SM\HLS1 AZ\cl_dll\Debug\link.28016.write.1.tlog
C:\Users\Administrator\Desktop\SM\HLS1 AZ\cl_dll\Debug\link.28016-cvtres.read.1.tlog
C:\Users\Administrator\Desktop\SM\HLS1 AZ\cl_dll\Debug\link.28016-cvtres.write.1.tlog
C:\Users\Administrator\Desktop\SM\HLS1 AZ\cl_dll\Debug\link.28208.read.1.tlog
C:\Users\Administrator\Desktop\SM\HLS1 AZ\cl_dll\Debug\link.28208.write.1.tlog
C:\Users\Administrator\Desktop\SM\HLS1 AZ\cl_dll\Debug\link.28208-cvtres.read.1.tlog
C:\Users\Administrator\Desktop\SM\HLS1 AZ\cl_dll\Debug\link.28208-cvtres.write.1.tlog
C:\Users\Administrator\Desktop\SM\HLS1 AZ\cl_dll\Debug\link.28368.read.1.tlog
C:\Users\Administrator\Desktop\SM\HLS1 AZ\cl_dll\Debug\link.28368.write.1.tlog
C:\Users\Administrator\Desktop\SM\HLS1 AZ\cl_dll\Debug\link.28368-cvtres.read.1.tlog
C:\Users\Administrator\Desktop\SM\HLS1 AZ\cl_dll\Debug\link.28368-cvtres.write.1.tlog
C:\Users\Administrator\Desktop\SM\HLS1 AZ\cl_dll\Debug\link.28584.read.1.tlog
C:\Users\Administrator\Desktop\SM\HLS1 AZ\cl_dll\Debug\link.28584.write.1.tlog
C:\Users\Administrator\Desktop\SM\HLS1 AZ\cl_dll\Debug\link.28584-cvtres.read.1.tlog
C:\Users\Administrator\Desktop\SM\HLS1 AZ\cl_dll\Debug\link.28584-cvtres.write.1.tlog
C:\Users\Administrator\Desktop\SM\HLS1 AZ\cl_dll\Debug\link.28600.read.1.tlog
C:\Users\Administrator\Desktop\SM\HLS1 AZ\cl_dll\Debug\link.28600.write.1.tlog
C:\Users\Administrator\Desktop\SM\HLS1 AZ\cl_dll\Debug\link.28600-cvtres.read.1.tlog
C:\Users\Administrator\Desktop\SM\HLS1 AZ\cl_dll\Debug\link.28600-cvtres.write.1.tlog
C:\Users\Administrator\Desktop\SM\HLS1 AZ\cl_dll\Debug\link.29140.read.1.tlog
C:\Users\Administrator\Desktop\SM\HLS1 AZ\cl_dll\Debug\link.29140.write.1.tlog
C:\Users\Administrator\Desktop\SM\HLS1 AZ\cl_dll\Debug\link.29140-cvtres.read.1.tlog
C:\Users\Administrator\Desktop\SM\HLS1 AZ\cl_dll\Debug\link.29140-cvtres.write.1.tlog
C:\Users\Administrator\Desktop\SM\HLS1 AZ\cl_dll\Debug\link.29400.read.1.tlog
C:\Users\Administrator\Desktop\SM\HLS1 AZ\cl_dll\Debug\link.29400.write.1.tlog
C:\Users\Administrator\Desktop\SM\HLS1 AZ\cl_dll\Debug\link.29400-cvtres.read.1.tlog
C:\Users\Administrator\Desktop\SM\HLS1 AZ\cl_dll\Debug\link.29400-cvtres.write.1.tlog
C:\Users\Administrator\Desktop\SM\HLS1 AZ\cl_dll\Debug\link.29476.read.1.tlog
C:\Users\Administrator\Desktop\SM\HLS1 AZ\cl_dll\Debug\link.29476.write.1.tlog
C:\Users\Administrator\Desktop\SM\HLS1 AZ\cl_dll\Debug\link.29476-cvtres.read.1.tlog
C:\Users\Administrator\Desktop\SM\HLS1 AZ\cl_dll\Debug\link.29476-cvtres.write.1.tlog
C:\Users\Administrator\Desktop\SM\HLS1 AZ\cl_dll\Debug\link.30260.read.1.tlog
C:\Users\Administrator\Desktop\SM\HLS1 AZ\cl_dll\Debug\link.30260.write.1.tlog
C:\Users\Administrator\Desktop\SM\HLS1 AZ\cl_dll\Debug\link.30260-cvtres.read.1.tlog
C:\Users\Administrator\Desktop\SM\HLS1 AZ\cl_dll\Debug\link.30260-cvtres.write.1.tlog
C:\Users\Administrator\Desktop\SM\HLS1 AZ\cl_dll\Debug\link.30308.read.1.tlog
C:\Users\Administrator\Desktop\SM\HLS1 AZ\cl_dll\Debug\link.30308.write.1.tlog
C:\Users\Administrator\Desktop\SM\HLS1 AZ\cl_dll\Debug\link.30308-cvtres.read.1.tlog
C:\Users\Administrator\Desktop\SM\HLS1 AZ\cl_dll\Debug\link.30308-cvtres.write.1.tlog
C:\Users\Administrator\Desktop\SM\HLS1 AZ\cl_dll\Debug\link.30332.read.1.tlog
C:\Users\Administrator\Desktop\SM\HLS1 AZ\cl_dll\Debug\link.30332.write.1.tlog
C:\Users\Administrator\Desktop\SM\HLS1 AZ\cl_dll\Debug\link.30332-cvtres.read.1.tlog
C:\Users\Administrator\Desktop\SM\HLS1 AZ\cl_dll\Debug\link.30332-cvtres.write.1.tlog
C:\Users\Administrator\Desktop\SM\HLS1 AZ\cl_dll\Debug\link.30412.read.1.tlog
C:\Users\Administrator\Desktop\SM\HLS1 AZ\cl_dll\Debug\link.30412.write.1.tlog
C:\Users\Administrator\Desktop\SM\HLS1 AZ\cl_dll\Debug\link.30412-cvtres.read.1.tlog
C:\Users\Administrator\Desktop\SM\HLS1 AZ\cl_dll\Debug\link.30412-cvtres.write.1.tlog
C:\Users\Administrator\Desktop\SM\HLS1 AZ\cl_dll\Debug\link.30456.read.1.tlog
C:\Users\Administrator\Desktop\SM\HLS1 AZ\cl_dll\Debug\link.30456.write.1.tlog
C:\Users\Administrator\Desktop\SM\HLS1 AZ\cl_dll\Debug\link.30456-cvtres.read.1.tlog
C:\Users\Administrator\Desktop\SM\HLS1 AZ\cl_dll\Debug\link.30456-cvtres.write.1.tlog
C:\Users\Administrator\Desktop\SM\HLS1 AZ\cl_dll\Debug\link.30484.read.1.tlog
C:\Users\Administrator\Desktop\SM\HLS1 AZ\cl_dll\Debug\link.30484.write.1.tlog
C:\Users\Administrator\Desktop\SM\HLS1 AZ\cl_dll\Debug\link.30484-cvtres.read.1.tlog
C:\Users\Administrator\Desktop\SM\HLS1 AZ\cl_dll\Debug\link.30484-cvtres.write.1.tlog
C:\Users\Administrator\Desktop\SM\HLS1 AZ\cl_dll\Debug\link.30660.read.1.tlog
C:\Users\Administrator\Desktop\SM\HLS1 AZ\cl_dll\Debug\link.30660.write.1.tlog
C:\Users\Administrator\Desktop\SM\HLS1 AZ\cl_dll\Debug\link.30660-cvtres.read.1.tlog
C:\Users\Administrator\Desktop\SM\HLS1 AZ\cl_dll\Debug\link.30660-cvtres.write.1.tlog
C:\Users\Administrator\Desktop\SM\HLS1 AZ\cl_dll\Debug\link.3184.read.1.tlog
C:\Users\Administrator\Desktop\SM\HLS1 AZ\cl_dll\Debug\link.3184.write.1.tlog
C:\Users\Administrator\Desktop\SM\HLS1 AZ\cl_dll\Debug\link.3184-cvtres.read.1.tlog
C:\Users\Administrator\Desktop\SM\HLS1 AZ\cl_dll\Debug\link.3184-cvtres.write.1.tlog
C:\Users\Administrator\Desktop\SM\HLS1 AZ\cl_dll\Debug\link.32076.read.1.tlog
C:\Users\Administrator\Desktop\SM\HLS1 AZ\cl_dll\Debug\link.32076.write.1.tlog
C:\Users\Administrator\Desktop\SM\HLS1 AZ\cl_dll\Debug\link.32076-cvtres.read.1.tlog
C:\Users\Administrator\Desktop\SM\HLS1 AZ\cl_dll\Debug\link.32076-cvtres.write.1.tlog
C:\Users\Administrator\Desktop\SM\HLS1 AZ\cl_dll\Debug\link.32216.read.1.tlog
C:\Users\Administrator\Desktop\SM\HLS1 AZ\cl_dll\Debug\link.32216.write.1.tlog
C:\Users\Administrator\Desktop\SM\HLS1 AZ\cl_dll\Debug\link.32216-cvtres.read.1.tlog
C:\Users\Administrator\Desktop\SM\HLS1 AZ\cl_dll\Debug\link.32216-cvtres.write.1.tlog
C:\Users\Administrator\Desktop\SM\HLS1 AZ\cl_dll\Debug\link.32376.read.1.tlog
C:\Users\Administrator\Desktop\SM\HLS1 AZ\cl_dll\Debug\link.32376.write.1.tlog
C:\Users\Administrator\Desktop\SM\HLS1 AZ\cl_dll\Debug\link.32376-cvtres.read.1.tlog
C:\Users\Administrator\Desktop\SM\HLS1 AZ\cl_dll\Debug\link.32376-cvtres.write.1.tlog
C:\Users\Administrator\Desktop\SM\HLS1 AZ\cl_dll\Debug\link.32920.read.1.tlog
C:\Users\Administrator\Desktop\SM\HLS1 AZ\cl_dll\Debug\link.32920.write.1.tlog
C:\Users\Administrator\Desktop\SM\HLS1 AZ\cl_dll\Debug\link.32920-cvtres.read.1.tlog
C:\Users\Administrator\Desktop\SM\HLS1 AZ\cl_dll\Debug\link.32920-cvtres.write.1.tlog
C:\Users\Administrator\Desktop\SM\HLS1 AZ\cl_dll\Debug\link.33344.read.1.tlog
C:\Users\Administrator\Desktop\SM\HLS1 AZ\cl_dll\Debug\link.33344.write.1.tlog
C:\Users\Administrator\Desktop\SM\HLS1 AZ\cl_dll\Debug\link.33344-cvtres.read.1.tlog
C:\Users\Administrator\Desktop\SM\HLS1 AZ\cl_dll\Debug\link.33344-cvtres.write.1.tlog
C:\Users\Administrator\Desktop\SM\HLS1 AZ\cl_dll\Debug\link.33484.read.1.tlog
C:\Users\Administrator\Desktop\SM\HLS1 AZ\cl_dll\Debug\link.33484.write.1.tlog
C:\Users\Administrator\Desktop\SM\HLS1 AZ\cl_dll\Debug\link.33484-cvtres.read.1.tlog
C:\Users\Administrator\Desktop\SM\HLS1 AZ\cl_dll\Debug\link.33484-cvtres.write.1.tlog
C:\Users\Administrator\Desktop\SM\HLS1 AZ\cl_dll\Debug\link.35304.read.1.tlog
C:\Users\Administrator\Desktop\SM\HLS1 AZ\cl_dll\Debug\link.35304.write.1.tlog
C:\Users\Administrator\Desktop\SM\HLS1 AZ\cl_dll\Debug\link.35304-cvtres.read.1.tlog
C:\Users\Administrator\Desktop\SM\HLS1 AZ\cl_dll\Debug\link.35304-cvtres.write.1.tlog
C:\Users\Administrator\Desktop\SM\HLS1 AZ\cl_dll\Debug\link.35512.read.1.tlog
C:\Users\Administrator\Desktop\SM\HLS1 AZ\cl_dll\Debug\link.35512.write.1.tlog
C:\Users\Administrator\Desktop\SM\HLS1 AZ\cl_dll\Debug\link.35512-cvtres.read.1.tlog
C:\Users\Administrator\Desktop\SM\HLS1 AZ\cl_dll\Debug\link.35512-cvtres.write.1.tlog
C:\Users\Administrator\Desktop\SM\HLS1 AZ\cl_dll\Debug\link.36508.read.1.tlog
C:\Users\Administrator\Desktop\SM\HLS1 AZ\cl_dll\Debug\link.36508.write.1.tlog
C:\Users\Administrator\Desktop\SM\HLS1 AZ\cl_dll\Debug\link.36508-cvtres.read.1.tlog
C:\Users\Administrator\Desktop\SM\HLS1 AZ\cl_dll\Debug\link.36508-cvtres.write.1.tlog
C:\Users\Administrator\Desktop\SM\HLS1 AZ\cl_dll\Debug\link.36556.read.1.tlog
C:\Users\Administrator\Desktop\SM\HLS1 AZ\cl_dll\Debug\link.36556.write.1.tlog
C:\Users\Administrator\Desktop\SM\HLS1 AZ\cl_dll\Debug\link.36556-cvtres.read.1.tlog
C:\Users\Administrator\Desktop\SM\HLS1 AZ\cl_dll\Debug\link.36556-cvtres.write.1.tlog
C:\Users\Administrator\Desktop\SM\HLS1 AZ\cl_dll\Debug\link.3764.read.1.tlog
C:\Users\Administrator\Desktop\SM\HLS1 AZ\cl_dll\Debug\link.3764.write.1.tlog
C:\Users\Administrator\Desktop\SM\HLS1 AZ\cl_dll\Debug\link.3764-cvtres.read.1.tlog
C:\Users\Administrator\Desktop\SM\HLS1 AZ\cl_dll\Debug\link.3764-cvtres.write.1.tlog
C:\Users\Administrator\Desktop\SM\HLS1 AZ\cl_dll\Debug\link.38684.read.1.tlog
C:\Users\Administrator\Desktop\SM\HLS1 AZ\cl_dll\Debug\link.38684.write.1.tlog
C:\Users\Administrator\Desktop\SM\HLS1 AZ\cl_dll\Debug\link.38684-cvtres.read.1.tlog
C:\Users\Administrator\Desktop\SM\HLS1 AZ\cl_dll\Debug\link.38684-cvtres.write.1.tlog
C:\Users\Administrator\Desktop\SM\HLS1 AZ\cl_dll\Debug\link.3888.read.1.tlog
C:\Users\Administrator\Desktop\SM\HLS1 AZ\cl_dll\Debug\link.3888.write.1.tlog
C:\Users\Administrator\Desktop\SM\HLS1 AZ\cl_dll\Debug\link.3888-cvtres.read.1.tlog
C:\Users\Administrator\Desktop\SM\HLS1 AZ\cl_dll\Debug\link.3888-cvtres.write.1.tlog
C:\Users\Administrator\Desktop\SM\HLS1 AZ\cl_dll\Debug\link.4152.read.1.tlog
C:\Users\Administrator\Desktop\SM\HLS1 AZ\cl_dll\Debug\link.4152.write.1.tlog
C:\Users\Administrator\Desktop\SM\HLS1 AZ\cl_dll\Debug\link.4152-cvtres.read.1.tlog
C:\Users\Administrator\Desktop\SM\HLS1 AZ\cl_dll\Debug\link.4152-cvtres.write.1.tlog
C:\Users\Administrator\Desktop\SM\HLS1 AZ\cl_dll\Debug\link.4184.read.1.tlog
C:\Users\Administrator\Desktop\SM\HLS1 AZ\cl_dll\Debug\link.4184.write.1.tlog
C:\Users\Administrator\Desktop\SM\HLS1 AZ\cl_dll\Debug\link.4184-cvtres.read.1.tlog
C:\Users\Administrator\Desktop\SM\HLS1 AZ\cl_dll\Debug\link.4184-cvtres.write.1.tlog
C:\Users\Administrator\Desktop\SM\HLS1 AZ\cl_dll\Debug\link.4368.read.1.tlog
C:\Users\Administrator\Desktop\SM\HLS1 AZ\cl_dll\Debug\link.4368.write.1.tlog
C:\Users\Administrator\Desktop\SM\HLS1 AZ\cl_dll\Debug\link.4368-cvtres.read.1.tlog
C:\Users\Administrator\Desktop\SM\HLS1 AZ\cl_dll\Debug\link.4368-cvtres.write.1.tlog
C:\Users\Administrator\Desktop\SM\HLS1 AZ\cl_dll\Debug\link.4472.read.1.tlog
C:\Users\Administrator\Desktop\SM\HLS1 AZ\cl_dll\Debug\link.4472.write.1.tlog
C:\Users\Administrator\Desktop\SM\HLS1 AZ\cl_dll\Debug\link.4472-cvtres.read.1.tlog
C:\Users\Administrator\Desktop\SM\HLS1 AZ\cl_dll\Debug\link.4472-cvtres.write.1.tlog
C:\Users\Administrator\Desktop\SM\HLS1 AZ\cl_dll\Debug\link.4480.read.1.tlog
C:\Users\Administrator\Desktop\SM\HLS1 AZ\cl_dll\Debug\link.4480.write.1.tlog
C:\Users\Administrator\Desktop\SM\HLS1 AZ\cl_dll\Debug\link.4480-cvtres.read.1.tlog
C:\Users\Administrator\Desktop\SM\HLS1 AZ\cl_dll\Debug\link.4480-cvtres.write.1.tlog
C:\Users\Administrator\Desktop\SM\HLS1 AZ\cl_dll\Debug\link.4688.read.1.tlog
C:\Users\Administrator\Desktop\SM\HLS1 AZ\cl_dll\Debug\link.4688.write.1.tlog
C:\Users\Administrator\Desktop\SM\HLS1 AZ\cl_dll\Debug\link.4688-cvtres.read.1.tlog
C:\Users\Administrator\Desktop\SM\HLS1 AZ\cl_dll\Debug\link.4688-cvtres.write.1.tlog
C:\Users\Administrator\Desktop\SM\HLS1 AZ\cl_dll\Debug\link.5072.read.1.tlog
C:\Users\Administrator\Desktop\SM\HLS1 AZ\cl_dll\Debug\link.5072.write.1.tlog
C:\Users\Administrator\Desktop\SM\HLS1 AZ\cl_dll\Debug\link.5072-cvtres.read.1.tlog
C:\Users\Administrator\Desktop\SM\HLS1 AZ\cl_dll\Debug\link.5072-cvtres.write.1.tlog
C:\Users\Administrator\Desktop\SM\HLS1 AZ\cl_dll\Debug\link.5128.read.1.tlog
C:\Users\Administrator\Desktop\SM\HLS1 AZ\cl_dll\Debug\link.5128.write.1.tlog
C:\Users\Administrator\Desktop\SM\HLS1 AZ\cl_dll\Debug\link.5128-cvtres.read.1.tlog
C:\Users\Administrator\Desktop\SM\HLS1 AZ\cl_dll\Debug\link.5128-cvtres.write.1.tlog
C:\Users\Administrator\Desktop\SM\HLS1 AZ\cl_dll\Debug\link.5296.read.1.tlog
C:\Users\Administrator\Desktop\SM\HLS1 AZ\cl_dll\Debug\link.5296.write.1.tlog
C:\Users\Administrator\Desktop\SM\HLS1 AZ\cl_dll\Debug\link.5296-cvtres.read.1.tlog
C:\Users\Administrator\Desktop\SM\HLS1 AZ\cl_dll\Debug\link.5296-cvtres.write.1.tlog
C:\Users\Administrator\Desktop\SM\HLS1 AZ\cl_dll\Debug\link.5504.read.1.tlog
C:\Users\Administrator\Desktop\SM\HLS1 AZ\cl_dll\Debug\link.5504.write.1.tlog
C:\Users\Administrator\Desktop\SM\HLS1 AZ\cl_dll\Debug\link.5504-cvtres.read.1.tlog
C:\Users\Administrator\Desktop\SM\HLS1 AZ\cl_dll\Debug\link.5504-cvtres.write.1.tlog
C:\Users\Administrator\Desktop\SM\HLS1 AZ\cl_dll\Debug\link.5808.read.1.tlog
C:\Users\Administrator\Desktop\SM\HLS1 AZ\cl_dll\Debug\link.5808.write.1.tlog
C:\Users\Administrator\Desktop\SM\HLS1 AZ\cl_dll\Debug\link.5808-cvtres.read.1.tlog
C:\Users\Administrator\Desktop\SM\HLS1 AZ\cl_dll\Debug\link.5808-cvtres.write.1.tlog
C:\Users\Administrator\Desktop\SM\HLS1 AZ\cl_dll\Debug\link.5892.read.1.tlog
C:\Users\Administrator\Desktop\SM\HLS1 AZ\cl_dll\Debug\link.5892.write.1.tlog
C:\Users\Administrator\Desktop\SM\HLS1 AZ\cl_dll\Debug\link.5892-cvtres.read.1.tlog
C:\Users\Administrator\Desktop\SM\HLS1 AZ\cl_dll\Debug\link.5892-cvtres.write.1.tlog
C:\Users\Administrator\Desktop\SM\HLS1 AZ\cl_dll\Debug\link.6304.read.1.tlog
C:\Users\Administrator\Desktop\SM\HLS1 AZ\cl_dll\Debug\link.6304.write.1.tlog
C:\Users\Administrator\Desktop\SM\HLS1 AZ\cl_dll\Debug\link.6304-cvtres.read.1.tlog
C:\Users\Administrator\Desktop\SM\HLS1 AZ\cl_dll\Debug\link.6304-cvtres.write.1.tlog
C:\Users\Administrator\Desktop\SM\HLS1 AZ\cl_dll\Debug\link.6400.read.1.tlog
C:\Users\Administrator\Desktop\SM\HLS1 AZ\cl_dll\Debug\link.6400.write.1.tlog
C:\Users\Administrator\Desktop\SM\HLS1 AZ\cl_dll\Debug\link.6400-cvtres.read.1.tlog
C:\Users\Administrator\Desktop\SM\HLS1 AZ\cl_dll\Debug\link.6400-cvtres.write.1.tlog
C:\Users\Administrator\Desktop\SM\HLS1 AZ\cl_dll\Debug\link.6608.read.1.tlog
C:\Users\Administrator\Desktop\SM\HLS1 AZ\cl_dll\Debug\link.6608.write.1.tlog
C:\Users\Administrator\Desktop\SM\HLS1 AZ\cl_dll\Debug\link.6608-cvtres.read.1.tlog
C:\Users\Administrator\Desktop\SM\HLS1 AZ\cl_dll\Debug\link.6608-cvtres.write.1.tlog
C:\Users\Administrator\Desktop\SM\HLS1 AZ\cl_dll\Debug\link.7220.read.1.tlog
C:\Users\Administrator\Desktop\SM\HLS1 AZ\cl_dll\Debug\link.7220.write.1.tlog
C:\Users\Administrator\Desktop\SM\HLS1 AZ\cl_dll\Debug\link.7220-cvtres.read.1.tlog
C:\Users\Administrator\Desktop\SM\HLS1 AZ\cl_dll\Debug\link.7220-cvtres.write.1.tlog
C:\Users\Administrator\Desktop\SM\HLS1 AZ\cl_dll\Debug\link.7760.read.1.tlog
C:\Users\Administrator\Desktop\SM\HLS1 AZ\cl_dll\Debug\link.7760.write.1.tlog
C:\Users\Administrator\Desktop\SM\HLS1 AZ\cl_dll\Debug\link.7760-cvtres.read.1.tlog
C:\Users\Administrator\Desktop\SM\HLS1 AZ\cl_dll\Debug\link.7760-cvtres.write.1.tlog
C:\Users\Administrator\Desktop\SM\HLS1 AZ\cl_dll\Debug\link.8052.read.1.tlog
C:\Users\Administrator\Desktop\SM\HLS1 AZ\cl_dll\Debug\link.8052.write.1.tlog
C:\Users\Administrator\Desktop\SM\HLS1 AZ\cl_dll\Debug\link.8052-cvtres.read.1.tlog
C:\Users\Administrator\Desktop\SM\HLS1 AZ\cl_dll\Debug\link.8052-cvtres.write.1.tlog
C:\Users\Administrator\Desktop\SM\HLS1 AZ\cl_dll\Debug\link.8056.read.1.tlog
C:\Users\Administrator\Desktop\SM\HLS1 AZ\cl_dll\Debug\link.8056.write.1.tlog
C:\Users\Administrator\Desktop\SM\HLS1 AZ\cl_dll\Debug\link.8056-cvtres.read.1.tlog
C:\Users\Administrator\Desktop\SM\HLS1 AZ\cl_dll\Debug\link.8056-cvtres.write.1.tlog
C:\Users\Administrator\Desktop\SM\HLS1 AZ\cl_dll\Debug\link.8588.read.1.tlog
C:\Users\Administrator\Desktop\SM\HLS1 AZ\cl_dll\Debug\link.8588.write.1.tlog
C:\Users\Administrator\Desktop\SM\HLS1 AZ\cl_dll\Debug\link.8588-cvtres.read.1.tlog
C:\Users\Administrator\Desktop\SM\HLS1 AZ\cl_dll\Debug\link.8588-cvtres.write.1.tlog
C:\Users\Administrator\Desktop\SM\HLS1 AZ\cl_dll\Debug\link.8772.read.1.tlog
C:\Users\Administrator\Desktop\SM\HLS1 AZ\cl_dll\Debug\link.8772.write.1.tlog
C:\Users\Administrator\Desktop\SM\HLS1 AZ\cl_dll\Debug\link.8772-cvtres.read.1.tlog
C:\Users\Administrator\Desktop\SM\HLS1 AZ\cl_dll\Debug\link.8772-cvtres.write.1.tlog
C:\Users\Administrator\Desktop\SM\HLS1 AZ\cl_dll\Debug\link.8972.read.1.tlog
C:\Users\Administrator\Desktop\SM\HLS1 AZ\cl_dll\Debug\link.8972.write.1.tlog
C:\Users\Administrator\Desktop\SM\HLS1 AZ\cl_dll\Debug\link.8972-cvtres.read.1.tlog
C:\Users\Administrator\Desktop\SM\HLS1 AZ\cl_dll\Debug\link.8972-cvtres.write.1.tlog
C:\Users\Administrator\Desktop\SM\HLS1 AZ\cl_dll\Debug\link.9052.read.1.tlog
C:\Users\Administrator\Desktop\SM\HLS1 AZ\cl_dll\Debug\link.9052.write.1.tlog
C:\Users\Administrator\Desktop\SM\HLS1 AZ\cl_dll\Debug\link.9052-cvtres.read.1.tlog
C:\Users\Administrator\Desktop\SM\HLS1 AZ\cl_dll\Debug\link.9052-cvtres.write.1.tlog
C:\Users\Administrator\Desktop\SM\HLS1 AZ\cl_dll\Debug\link.9608.read.1.tlog
C:\Users\Administrator\Desktop\SM\HLS1 AZ\cl_dll\Debug\link.9608.write.1.tlog
C:\Users\Administrator\Desktop\SM\HLS1 AZ\cl_dll\Debug\link.9608-cvtres.read.1.tlog
C:\Users\Administrator\Desktop\SM\HLS1 AZ\cl_dll\Debug\link.9608-cvtres.write.1.tlog
C:\Users\Administrator\Desktop\SM\HLS1 AZ\cl_dll\Debug\link.9704.read.1.tlog
C:\Users\Administrator\Desktop\SM\HLS1 AZ\cl_dll\Debug\link.9704.write.1.tlog
C:\Users\Administrator\Desktop\SM\HLS1 AZ\cl_dll\Debug\link.9704-cvtres.read.1.tlog
C:\Users\Administrator\Desktop\SM\HLS1 AZ\cl_dll\Debug\link.9704-cvtres.write.1.tlog
C:\Users\Administrator\Desktop\SM\HLS1 AZ\cl_dll\Debug\link.984.read.1.tlog
C:\Users\Administrator\Desktop\SM\HLS1 AZ\cl_dll\Debug\link.984.write.1.tlog
C:\Users\Administrator\Desktop\SM\HLS1 AZ\cl_dll\Debug\link.984-cvtres.read.1.tlog
C:\Users\Administrator\Desktop\SM\HLS1 AZ\cl_dll\Debug\link.984-cvtres.write.1.tlog
C:\Users\Administrator\Desktop\SM\HLS1 AZ\cl_dll\Debug\link.9920.read.1.tlog
C:\Users\Administrator\Desktop\SM\HLS1 AZ\cl_dll\Debug\link.9920.write.1.tlog
C:\Users\Administrator\Desktop\SM\HLS1 AZ\cl_dll\Debug\link.9920-cvtres.read.1.tlog
C:\Users\Administrator\Desktop\SM\HLS1 AZ\cl_dll\Debug\link.9920-cvtres.write.1.tlog
C:\Users\Administrator\Desktop\SM\HLS1 AZ\cl_dll\Debug\link.command.1.tlog
C:\Users\Administrator\Desktop\SM\HLS1 AZ\cl_dll\Debug\link.read.1.tlog
C:\Users\Administrator\Desktop\SM\HLS1 AZ\cl_dll\Debug\link.write.1.tlog
C:\Users\Administrator\Desktop\SM\HLS1 AZ\cl_dll\Debug\link-cvtres.read.1.tlog
C:\Users\Administrator\Desktop\SM\HLS1 AZ\cl_dll\Debug\link-cvtres.write.1.tlog
C:\USERS\ADMINISTRATOR\DESKTOP\SM\HLS1 AZ\CL_DLL\DEBUG\MENU.OBJ
C:\USERS\ADMINISTRATOR\DESKTOP\SM\HLS1 AZ\CL_DLL\DEBUG\MENU.SBR
C:\USERS\ADMINISTRATOR\DESKTOP\SM\HLS1 AZ\CL_DLL\DEBUG\MESSAGE.OBJ
C:\USERS\ADMINISTRATOR\DESKTOP\SM\HLS1 AZ\CL_DLL\DEBUG\MESSAGE.SBR
C:\USERS\ADMINISTRATOR\DESKTOP\SM\HLS1 AZ\CL_DLL\DEBUG\MP5.OBJ
C:\USERS\ADMINISTRATOR\DESKTOP\SM\HLS1 AZ\CL_DLL\DEBUG\MP5.SBR
C:\Users\Administrator\Desktop\SM\HLS1 AZ\cl_dll\Debug\mt.command.1.tlog
C:\Users\Administrator\Desktop\SM\HLS1 AZ\cl_dll\Debug\mt.read.1.tlog
C:\Users\Administrator\Desktop\SM\HLS1 AZ\cl_dll\Debug\mt.write.1.tlog
C:\USERS\ADMINISTRATOR\DESKTOP\SM\HLS1 AZ\CL_DLL\DEBUG\PARSEMSG.OBJ
C:\USERS\ADMINISTRATOR\DESKTOP\SM\HLS1 AZ\CL_DLL\DEBUG\PARSEMSG.SBR
C:\USERS\ADMINISTRATOR\DESKTOP\SM\HLS1 AZ\CL_DLL\DEBUG\PM_DEBUG.OBJ
C:\USERS\ADMINISTRATOR\DESKTOP\SM\HLS1 AZ\CL_DLL\DEBUG\PM_DEBUG.SBR
C:\USERS\ADMINISTRATOR\DESKTOP\SM\HLS1 AZ\CL_DLL\DEBUG\PM_MATH.OBJ
C:\USERS\ADMINISTRATOR\DESKTOP\SM\HLS1 AZ\CL_DLL\DEBUG\PM_MATH.SBR
C:\USERS\ADMINISTRATOR\DESKTOP\SM\HLS1 AZ\CL_DLL\DEBUG\PM_SHARED.OBJ
C:\USERS\ADMINISTRATOR\DESKTOP\SM\HLS1 AZ\CL_DLL\DEBUG\PM_SHARED.SBR
C:\USERS\ADMINISTRATOR\DESKTOP\SM\HLS1 AZ\CL_DLL\DEBUG\PYTHON.OBJ
C:\USERS\ADMINISTRATOR\DESKTOP\SM\HLS1 AZ\CL_DLL\DEBUG\PYTHON.SBR
C:\Users\Administrator\Desktop\SM\HLS1 AZ\cl_dll\Debug\rc.command.1.tlog
C:\Users\Administrator\Desktop\SM\HLS1 AZ\cl_dll\Debug\rc.read.1.tlog
C:\Users\Administrator\Desktop\SM\HLS1 AZ\cl_dll\Debug\rc.write.1.tlog
C:\USERS\ADMINISTRATOR\DESKTOP\SM\HLS1 AZ\CL_DLL\DEBUG\RPG.OBJ
C:\USERS\ADMINISTRATOR\DESKTOP\SM\HLS1 AZ\CL_DLL\DEBUG\RPG.SBR
C:\USERS\ADMINISTRATOR\DESKTOP\SM\HLS1 AZ\CL_DLL\DEBUG\SATCHEL.OBJ
C:\USERS\ADMINISTRATOR\DESKTOP\SM\HLS1 AZ\CL_DLL\DEBUG\SATCHEL.SBR
C:\USERS\ADMINISTRATOR\DESKTOP\SM\HLS1 AZ\CL_DLL\DEBUG\SAYTEXT.OBJ
C:\USERS\ADMINISTRATOR\DESKTOP\SM\HLS1 AZ\CL_DLL\DEBUG\SAYTEXT.SBR
C:\USERS\ADMINISTRATOR\DESKTOP\SM\HLS1 AZ\CL_DLL\DEBUG\SHOTGUN.OBJ
C:\USERS\ADMINISTRATOR\DESKTOP\SM\HLS1 AZ\CL_DLL\DEBUG\SHOTGUN.SBR
C:\USERS\ADMINISTRATOR\DESKTOP\SM\HLS1 AZ\CL_DLL\DEBUG\SQUEAKGRENADE.OBJ
C:\USERS\ADMINISTRATOR\DESKTOP\SM\HLS1 AZ\CL_DLL\DEBUG\SQUEAKGRENADE.SBR
C:\USERS\ADMINISTRATOR\DESKTOP\SM\HLS1 AZ\CL_DLL\DEBUG\STATUS_ICONS.OBJ
C:\USERS\ADMINISTRATOR\DESKTOP\SM\HLS1 AZ\CL_DLL\DEBUG\STATUS_ICONS.SBR
C:\USERS\ADMINISTRATOR\DESKTOP\SM\HLS1 AZ\CL_DLL\DEBUG\STATUSBAR.OBJ
C:\USERS\ADMINISTRATOR\DESKTOP\SM\HLS1 AZ\CL_DLL\DEBUG\STATUSBAR.SBR
C:\USERS\ADMINISTRATOR\DESKTOP\SM\HLS1 AZ\CL_DLL\DEBUG\STUDIO_UTIL.OBJ
C:\USERS\ADMINISTRATOR\DESKTOP\SM\HLS1 AZ\CL_DLL\DEBUG\STUDIO_UTIL.SBR
C:\USERS\ADMINISTRATOR\DESKTOP\SM\HLS1 AZ\CL_DLL\DEBUG\STUDIOMODELRENDERER.OBJ
C:\USERS\ADMINISTRATOR\DESKTOP\SM\HLS1 AZ\CL_DLL\DEBUG\STUDIOMODELRENDERER.SBR
C:\USERS\ADMINISTRATOR\DESKTOP\SM\HLS1 AZ\CL_DLL\DEBUG\TEXT_MESSAGE.OBJ
C:\USERS\ADMINISTRATOR\DESKTOP\SM\HLS1 AZ\CL_DLL\DEBUG\TEXT_MESSAGE.SBR
C:\USERS\ADMINISTRATOR\DESKTOP\SM\HLS1 AZ\CL_DLL\DEBUG\TRAIN.OBJ
C:\USERS\ADMINISTRATOR\DESKTOP\SM\HLS1 AZ\CL_DLL\DEBUG\TRAIN.SBR
C:\USERS\ADMINISTRATOR\DESKTOP\SM\HLS1 AZ\CL_DLL\DEBUG\TRI.OBJ
C:\USERS\ADMINISTRATOR\DESKTOP\SM\HLS1 AZ\CL_DLL\DEBUG\TRI.SBR
C:\USERS\ADMINISTRATOR\DESKTOP\SM\HLS1 AZ\CL_DLL\DEBUG\TRIPMINE.OBJ
C:\USERS\ADMINISTRATOR\DESKTOP\SM\HLS1 AZ\CL_DLL\DEBUG\TRIPMINE.SBR
C:\USERS\ADMINISTRATOR\DESKTOP\SM\HLS1 AZ\CL_DLL\DEBUG\UTIL.OBJ
C:\USERS\ADMINISTRATOR\DESKTOP\SM\HLS1 AZ\CL_DLL\DEBUG\UTIL.SBR
C:\USERS\ADMINISTRATOR\DESKTOP\SM\HLS1 AZ\CL_DLL\DEBUG\UTIL_ENTITY.OBJ
C:\USERS\ADMINISTRATOR\DESKTOP\SM\HLS1 AZ\CL_DLL\DEBUG\UTIL_ENTITY.SBR
C:\USERS\ADMINISTRATOR\DESKTOP\SM\HLS1 AZ\CL_DLL\DEBUG\UTIL_PRINTOUT.OBJ
C:\USERS\ADMINISTRATOR\DESKTOP\SM\HLS1 AZ\CL_DLL\DEBUG\UTIL_PRINTOUT.SBR
C:\USERS\ADMINISTRATOR\DESKTOP\SM\HLS1 AZ\CL_DLL\DEBUG\UTIL_SHARED.OBJ
C:\USERS\ADMINISTRATOR\DESKTOP\SM\HLS1 AZ\CL_DLL\DEBUG\UTIL_SHARED.SBR
C:\Users\Administrator\Desktop\SM\HLS1 AZ\cl_dll\Debug\vc100.idb
C:\USERS\ADMINISTRATOR\DESKTOP\SM\HLS1 AZ\CL_DLL\DEBUG\VC100.PDB
C:\USERS\ADMINISTRATOR\DESKTOP\SM\HLS1 AZ\CL_DLL\DEBUG\VGUI_CHECKBUTTON2.OBJ
C:\USERS\ADMINISTRATOR\DESKTOP\SM\HLS1 AZ\CL_DLL\DEBUG\VGUI_CHECKBUTTON2.SBR
C:\USERS\ADMINISTRATOR\DESKTOP\SM\HLS1 AZ\CL_DLL\DEBUG\VGUI_CLASSMENU.OBJ
C:\USERS\ADMINISTRATOR\DESKTOP\SM\HLS1 AZ\CL_DLL\DEBUG\VGUI_CLASSMENU.SBR
C:\USERS\ADMINISTRATOR\DESKTOP\SM\HLS1 AZ\CL_DLL\DEBUG\VGUI_CONSOLEPANEL.OBJ
C:\USERS\ADMINISTRATOR\DESKTOP\SM\HLS1 AZ\CL_DLL\DEBUG\VGUI_CONSOLEPANEL.SBR
C:\USERS\ADMINISTRATOR\DESKTOP\SM\HLS1 AZ\CL_DLL\DEBUG\VGUI_CONTROLCONFIGPANEL.OBJ
C:\USERS\ADMINISTRATOR\DESKTOP\SM\HLS1 AZ\CL_DLL\DEBUG\VGUI_CONTROLCONFIGPANEL.SBR
C:\USERS\ADMINISTRATOR\DESKTOP\SM\HLS1 AZ\CL_DLL\DEBUG\VGUI_CUSTOMOBJECTS.OBJ
C:\USERS\ADMINISTRATOR\DESKTOP\SM\HLS1 AZ\CL_DLL\DEBUG\VGUI_CUSTOMOBJECTS.SBR
C:\USERS\ADMINISTRATOR\DESKTOP\SM\HLS1 AZ\CL_DLL\DEBUG\VGUI_GRID.OBJ
C:\USERS\ADMINISTRATOR\DESKTOP\SM\HLS1 AZ\CL_DLL\DEBUG\VGUI_GRID.SBR
C:\USERS\ADMINISTRATOR\DESKTOP\SM\HLS1 AZ\CL_DLL\DEBUG\VGUI_HELPERS.OBJ
C:\USERS\ADMINISTRATOR\DESKTOP\SM\HLS1 AZ\CL_DLL\DEBUG\VGUI_HELPERS.SBR
C:\USERS\ADMINISTRATOR\DESKTOP\SM\HLS1 AZ\CL_DLL\DEBUG\VGUI_INT.OBJ
C:\USERS\ADMINISTRATOR\DESKTOP\SM\HLS1 AZ\CL_DLL\DEBUG\VGUI_INT.SBR
C:\USERS\ADMINISTRATOR\DESKTOP\SM\HLS1 AZ\CL_DLL\DEBUG\VGUI_LISTBOX.OBJ
C:\USERS\ADMINISTRATOR\DESKTOP\SM\HLS1 AZ\CL_DLL\DEBUG\VGUI_LISTBOX.SBR
C:\USERS\ADMINISTRATOR\DESKTOP\SM\HLS1 AZ\CL_DLL\DEBUG\VGUI_LOADTGA.OBJ
C:\USERS\ADMINISTRATOR\DESKTOP\SM\HLS1 AZ\CL_DLL\DEBUG\VGUI_LOADTGA.SBR
C:\USERS\ADMINISTRATOR\DESKTOP\SM\HLS1 AZ\CL_DLL\DEBUG\VGUI_MOTDWINDOW.OBJ
C:\USERS\ADMINISTRATOR\DESKTOP\SM\HLS1 AZ\CL_DLL\DEBUG\VGUI_MOTDWINDOW.SBR
C:\USERS\ADMINISTRATOR\DESKTOP\SM\HLS1 AZ\CL_DLL\DEBUG\VGUI_SCHEMEMANAGER.OBJ
C:\USERS\ADMINISTRATOR\DESKTOP\SM\HLS1 AZ\CL_DLL\DEBUG\VGUI_SCHEMEMANAGER.SBR
C:\USERS\ADMINISTRATOR\DESKTOP\SM\HLS1 AZ\CL_DLL\DEBUG\VGUI_SCOREPANEL.OBJ
C:\USERS\ADMINISTRATOR\DESKTOP\SM\HLS1 AZ\CL_DLL\DEBUG\VGUI_SCOREPANEL.SBR
C:\USERS\ADMINISTRATOR\DESKTOP\SM\HLS1 AZ\CL_DLL\DEBUG\VGUI_SCROLLBAR2.OBJ
C:\USERS\ADMINISTRATOR\DESKTOP\SM\HLS1 AZ\CL_DLL\DEBUG\VGUI_SCROLLBAR2.SBR
C:\USERS\ADMINISTRATOR\DESKTOP\SM\HLS1 AZ\CL_DLL\DEBUG\VGUI_SERVERBROWSER.OBJ
C:\USERS\ADMINISTRATOR\DESKTOP\SM\HLS1 AZ\CL_DLL\DEBUG\VGUI_SERVERBROWSER.SBR
C:\USERS\ADMINISTRATOR\DESKTOP\SM\HLS1 AZ\CL_DLL\DEBUG\VGUI_SLIDER2.OBJ
C:\USERS\ADMINISTRATOR\DESKTOP\SM\HLS1 AZ\CL_DLL\DEBUG\VGUI_SLIDER2.SBR
C:\USERS\ADMINISTRATOR\DESKTOP\SM\HLS1 AZ\CL_DLL\DEBUG\VGUI_SPECTATORPANEL.OBJ
C:\USERS\ADMINISTRATOR\DESKTOP\SM\HLS1 AZ\CL_DLL\DEBUG\VGUI_SPECTATORPANEL.SBR
C:\USERS\ADMINISTRATOR\DESKTOP\SM\HLS1 AZ\CL_DLL\DEBUG\VGUI_TEAMFORTRESSVIEWPORT.OBJ
C:\USERS\ADMINISTRATOR\DESKTOP\SM\HLS1 AZ\CL_DLL\DEBUG\VGUI_TEAMFORTRESSVIEWPORT.SBR
C:\USERS\ADMINISTRATOR\DESKTOP\SM\HLS1 AZ\CL_DLL\DEBUG\VGUI_TEAMMENU.OBJ
C:\USERS\ADMINISTRATOR\DESKTOP\SM\HLS1 AZ\CL_DLL\DEBUG\VGUI_TEAMMENU.SBR
C:\USERS\ADMINISTRATOR\DESKTOP\SM\HLS1 AZ\CL_DLL\DEBUG\VIEW.OBJ
C:\USERS\ADMINISTRATOR\DESKTOP\SM\HLS1 AZ\CL_DLL\DEBUG\VIEW.SBR
C:\USERS\ADMINISTRATOR\DESKTOP\SM\HLS1 AZ\CL_DLL\DEBUG\VOICE_BANMGR.OBJ
C:\USERS\ADMINISTRATOR\DESKTOP\SM\HLS1 AZ\CL_DLL\DEBUG\VOICE_BANMGR.SBR
C:\USERS\ADMINISTRATOR\DESKTOP\SM\HLS1 AZ\CL_DLL\DEBUG\VOICE_STATUS.OBJ
C:\USERS\ADMINISTRATOR\DESKTOP\SM\HLS1 AZ\CL_DLL\DEBUG\VOICE_STATUS.SBR
